2014/iceland/images/image144.jpg	74695	1780131867
2014/iceland/images/image41.jpg	43344	1780131866
2023/romania/images/image54.jpg	264127	1780131900
2019/france/images/image30.jpg	71885	1780131870
2024/greece/images/image26.jpg	139213	1780131894
2024/czechia/images/image73.jpg	171236	1780131892
2015/georgia/images/image94.jpg	38067	1780131878
2018/montenegro/images/image32.jpg	84639	1780131890
2014/iceland/images/image184.jpg	80790	1780131865
2024/greece/images/image15.jpg	99643	1780131892
2015/georgia/images/image67.jpg	170046	1780131878
2018/austria/images/image73.jpg	31805	1780131887
2019/greece/images/image5.jpg	54031	1780131874
2012/ireland/images/image38.jpg	31446	1780131909
2020/greece/images/image26.jpg	89608	1780131870
img/about-05.jpg	150442	1780131867
2013/norway/images/image97.jpg	26893	1780131907
2013/norway/images/image89.jpg	17016	1780131906
2017/greece/images/image48.jpg	42743	1780131897
2018/montenegro/images/image55.jpg	92225	1780131889
2023/corfu/images/image8.jpg	69860	1780131901
2023/romania/images/image22.jpg	93116	1780131900
2019/greece/images/image30.jpg	88577	1780131873
2018/montenegro/images/image57.jpg	69640	1780131888
2019/france/images/image7.jpg	59624	1780131870
2012/ireland/images/image107.jpg	48872	1780131910
2014/iceland/images/image72.jpg	48726	1780131864
2024/greece/images/image14.jpg	234436	1780131893
2015/georgia/images/image66.jpg	125957	1780131877
2016/thailand/images/image85.jpg	67613	1780131905
2016/thailand/images/image112.jpg	97524	1780131905
2017/lapland/images/image62.jpg	74636	1780131896
2023/romania/images/image34.jpg	324700	1780131900
2017/greece/images/image2.jpg	49912	1780131897
2024/greece/images/image31.jpg	81154	1780131893
2022/austria/austria22_files/webpreview_htm_503ba789d1754ae1.jpg	32670	1780131885
2015/georgia/images/image87.jpg	66710	1780131877
2023/holland/holland23_files/holland23_htm_d94dca937ac81277.jpg	159917	1780131898
2024/cyprus/images/image1.jpg	246728	1780131890
2014/iceland/images/image123.jpg	86695	1780131862
2017/greece/images/image18.jpg	64613	1780131897
2018/montenegro/images/image27.jpg	86030	1780131889
2014/iceland/images/image195.jpg	44026	1780131866
2012/praga/images/image18.jpg	76192	1780131911
2024/czechia/images/image42.jpg	145434	1780131891
2022/iceland/iceland22_files/webpreview_htm_df423edbceff75b3.jpg	94232	1780131882
2019/france/images/image28.jpg	86920	1780131871
2014/iceland/images/image141.jpg	43681	1780131866
2014/iceland/images/image44.jpg	57492	1780131863
2024/czechia/images/image29.jpg	158609	1780131891
2014/iceland/images/image173.jpg	36784	1780131864
2013/norway/images/image126.jpg	45460	1780131908
2016/thailand/images/image76.jpg	52793	1780131905
2022/austria/austria22_files/webpreview_htm_4ae1cdd5ed00b4b0.jpg	52224	1780131883
2017/lapland/images/image36.jpg	130941	1780131894
2024/cyprus/images/image9.jpg	103862	1780131891
2012/ireland/images/image40.jpg	25320	1780131909
2020/greece/images/image96.jpg	58297	1780131869
2013/norway/images/image43.jpg	51128	1780131907
2019/greece/images/image8.jpg	78991	1780131874
2013/norway/images/image39.jpg	58074	1780131907
2018/austria/images/image26.jpg	100649	1780131888
2017/lapland/images/image58.jpg	44511	1780131896
2012/praga/images/image19.jpg	49087	1780131911
2024/czechia/images/image43.jpg	144301	1780131892
2013/norway/images/image63.jpg	27847	1780131906
2016/thailand/images/image34.jpg	127264	1780131901
2022/iceland/iceland22_files/webpreview_htm_c8e3897ad561690d.jpg	74497	1780131881
2020/greece/images/image99.jpg	218727	1780131869
2016/thailand/images/image65.jpg	74353	1780131905
2022/iceland/iceland22_files/webpreview_htm_c2144ab542bfc9dc.jpg	99793	1780131879
2013/norway/images/image129.jpg	52255	1780131908
2016/thailand/images/image79.jpg	90508	1780131902
2022/iceland/iceland22_files/webpreview_htm_2b4c0451798a69fe.jpg	70104	1780131883
2019/france/images/image3.jpg	61916	1780131872
2024/czechia/images/image26.jpg	47592	1780131892
2022/iceland/iceland22_files/webpreview_htm_aed82b88da967b7e.jpg	47542	1780131882
2022/iceland/iceland22_files/webpreview_htm_94480cdad008e35c.jpg	50800	1780131881
2014/iceland/images/image53.jpg	51140	1780131865
2024/greece/images/image23.jpg	193829	1780131893
2024/czechia/images/image76.jpg	210318	1780131892
2015/georgia/images/image91.jpg	59212	1780131878
2024/czechia/images/image51.jpg	66512	1780131891
2019/france/images/image72.jpg	98636	1780131871
2014/iceland/images/image133.jpg	35980	1780131866
2014/iceland/images/image14.jpg	71156	1780131865
2013/norway/images/image104.jpg	54444	1780131906
2016/thailand/images/image54.jpg	35360	1780131903
2018/montenegro/images/image50.jpg	74931	1780131890
2024/czechia/images/image54.jpg	100173	1780131891
2018/montenegro/images/image5.jpg	108731	1780131889
2023/romania/images/image7.jpg	93639	1780131900
2017/lapland/images/image45.jpg	23353	1780131894
2013/norway/images/image79.jpg	48340	1780131906
2018/montenegro/images/image25.jpg	62192	1780131888
2022/iceland/iceland22_files/webpreview_htm_101eda7587449a78.jpg	49290	1780131881
2017/lapland/images/image54.jpg	108261	1780131895
2020/greece/images/image2.jpg	88721	1780131868
2015/georgia/images/image33.jpg	37148	1780131877
2017/lapland/images/image19.jpg	75606	1780131895
2013/norway/images/image119.jpg	45854	1780131907
2016/thailand/images/image49.jpg	54902	1780131902
2018/austria/images/image23.jpg	81587	1780131888
2023/romania/images/image31.jpg	52293	1780131900
2017/greece/images/image7.jpg	66357	1780131896
2024/greece/images/image34.jpg	236947	1780131892
2015/georgia/images/image82.jpg	188148	1780131877
2019/france/images/image79.jpg	113313	1780131871
2014/iceland/images/image95.jpg	37059	1780131864
2012/ireland/images/image102.jpg	35786	1780131910
2014/iceland/images/image77.jpg	32058	1780131865
2012/ireland/images/image95.jpg	31638	1780131909
2019/france/images/image54.jpg	99462	1780131871
2013/norway/images/image92.jpg	19142	1780131908
2014/iceland/images/image161.jpg	40430	1780131866
2013/norway/images/image118.jpg	25429	1780131907
2016/thailand/images/image48.jpg	40748	1780131905
2018/austria/images/image22.jpg	25641	1780131887
2024/czechia/images/image57.jpg	216124	1780131891
2018/montenegro/images/image6.jpg	42448	1780131889
2022/austria/austria22_files/webpreview_htm_8f8af8349b537f7f.jpg	68641	1780131883
2022/iceland/iceland22_files/webpreview_htm_3f886906551432de.jpg	41269	1780131881
2012/ireland/images/image93.jpg	48596	1780131909
2019/france/images/image52.jpg	82499	1780131871
2017/lapland/images/image37.jpg	82449	1780131896
2024/cyprus/images/image8.jpg	110499	1780131890
2017/greece/images/image33.jpg	38879	1780131897
2018/austria/images/image47.jpg	61711	1780131886
2023/romania/images/image1.jpg	162656	1780131900
2017/lapland/images/image43.jpg	67806	1780131895
2022/austria/austria22_files/webpreview_htm_aedbecec2130079c.jpg	120244	1780131883
2012/praga/images/image4.jpg	32116	1780131911
2018/montenegro/images/image38.jpg	90598	1780131889
2018/austria/images/image11.jpg	36703	1780131886
2024/czechia/images/image23.jpg	200964	1780131892
2022/austria/austria22_files/webpreview_htm_c3fe95102a30a53a.jpg	252365	1780131884
2022/iceland/iceland22_files/webpreview_htm_fcf1fdb80a9bba0a.jpg	88373	1780131882
2014/iceland/images/image179.jpg	98804	1780131866
2014/iceland/images/image56.jpg	65476	1780131865
2022/iceland/iceland22_files/webpreview_htm_8a892ec02eb916e0.jpg	47763	1780131880
2022/iceland/iceland22_files/webpreview_htm_476dd81d05ac1a9.jpg	51574	1780131879
2012/ireland/images/image58.jpg	23540	1780131910
2017/greece/images/image54.jpg	57678	1780131897
2020/greece/images/image49.jpg	40331	1780131868
2012/ireland/images/image96.jpg	37874	1780131909
2023/holland/holland23_files/holland23_htm_bedf1e1e6e52f373.jpg	82828	1780131899
2022/iceland/iceland22_files/webpreview_htm_1624ff92a6fdcf67.jpg	58281	1780131879
2019/france/images/image57.jpg	113457	1780131871
2022/iceland/iceland22_files/webpreview_htm_d220e631e767eb3d.jpg	36722	1780131882
2012/ireland/images/image90.jpg	68719	1780131910
2019/france/images/image51.jpg	95288	1780131871
2023/corfu/images/image19.jpg	65132	1780131901
2023/romania/images/image2.jpg	293134	1780131900
2017/lapland/images/image40.jpg	62211	1780131894
2023/romania/images/image70.jpg	91954	1780131900
2024/czechia/images/image6.jpg	85882	1780131891
2018/montenegro/images/image62.jpg	58447	1780131890
2019/greece/images/image66.jpg	106786	1780131874
2016/thailand/images/image92.jpg	105432	1780131905
2022/iceland/iceland22_files/webpreview_htm_d1fefa652008f9e5.jpg	54875	1780131880
2023/romania/images/image35.jpg	72559	1780131900
2017/greece/images/image3.jpg	40378	1780131897
2024/greece/images/image30.jpg	81182	1780131892
2015/georgia/images/image86.jpg	64229	1780131878
2012/ireland/images/image59.jpg	27539	1780131910
2019/france/images/image6.jpg	61631	1780131871
2012/ireland/images/image97.jpg	28417	1780131909
2019/france/images/image56.jpg	69879	1780131872
2012/praga/images/image14.jpg	80434	1780131911
2023/holland/holland23_files/holland23_htm_2455247c96f7d03b.jpg	115617	1780131899
2024/cyprus/images/image24.jpg	150437	1780131890
2014/iceland/images/image139.jpg	47287	1780131864
2014/iceland/images/image36.jpg	36782	1780131863
2024/czechia/images/image9.jpg	230028	1780131892
2019/greece/images/image69.jpg	69604	1780131875
2018/austria/images/image34.jpg	86598	1780131886
2022/austria/images/image13.jpg	81115	1780131886
2014/iceland/images/image164.jpg	59111	1780131865
2024/greece/images/image8.jpg	132227	1780131893
2015/georgia/images/image40.jpg	73923	1780131877
2012/ireland/images/image32.jpg	35226	1780131910
2012/ireland/images/image3.jpg	29172	1780131910
2024/greece/images/image66.jpg	48430	1780131893
2015/georgia/images/image54.jpg	60777	1780131878
2019/france/images/image18.jpg	58025	1780131872
2014/iceland/images/image157.jpg	62620	1780131863
2013/norway/images/image3.jpg	60790	1780131908
2024/greece/images/image19.jpg	296640	1780131893
2024/czechia/images/image62.jpg	110415	1780131892
2017/greece/images/image50.jpg	52300	1780131898
2018/austria/images/image35.jpg	50464	1780131887
2022/austria/images/image12.jpg	29187	1780131885
2013/norway/images/image120.jpg	44128	1780131908
2016/thailand/images/image70.jpg	54413	1780131903
2022/austria/austria22_files/webpreview_htm_48ea3143ba00495f.jpg	183621	1780131884
2012/praga/images/image9.jpg	100299	1780131912
2018/montenegro/images/image35.jpg	45607	1780131889
2014/iceland/images/image183.jpg	81283	1780131865
2018/montenegro/images/image72.jpg	79375	1780131889
2016/thailand/images/image106.jpg	109334	1780131902
2013/norway/images/image86.jpg	40265	1780131908
2017/greece/images/image47.jpg	81541	1780131896
2019/france/images/image35.jpg	30428	1780131871
2022/iceland/iceland22_files/webpreview_htm_2db7ef1f2ddf9bbe.jpg	96724	1780131880
2023/holland/holland23_files/holland23_htm_addfc213c2642f0f.jpg	93873	1780131899
2018/austria/images/image8.jpg	87806	1780131887
2014/iceland/images/image61.jpg	50211	1780131864
2022/austria/austria22_files/webpreview_htm_dcc95c224075e616.jpg	100267	1780131884
2022/iceland/iceland22_files/webpreview_htm_55b730a78cfdfa87.jpg	115528	1780131880
2014/iceland/images/image110.jpg	42035	1780131863
2012/ireland/images/image77.jpg	6151	1780131910
2023/corfu/images/image2.jpg	44121	1780131901
2023/romania/images/image28.jpg	102596	1780131900
2020/greece/images/image61.jpg	78942	1780131868
2017/lapland/images/image32.jpg	53684	1780131895
2023/holland/holland23_files/holland23_htm_233b0e12c7c3ea9.jpg	98433	1780131899
2018/montenegro/images/image41.jpg	70096	1780131890
2022/austria/austria22_files/webpreview_htm_6038d6a9b676e034.jpg	77601	1780131883
2013/norway/images/image113.jpg	20848	1780131907
2013/norway/images/image36.jpg	41407	1780131906
2016/thailand/images/image43.jpg	40650	1780131904
2018/austria/images/image29.jpg	80083	1780131886
2019/france/images/image36.jpg	35695	1780131871
2018/austria/images/image30.jpg	102538	1780131886
2022/austria/images/image17.jpg	51695	1780131886
2022/austria/images/image3.jpg	320652	1780131886
2016/thailand/images/image93.jpg	77422	1780131903
2016/thailand/images/image115.jpg	41752	1780131905
2017/lapland/images/image65.jpg	42908	1780131896
2015/georgia/images/image8.jpg	32145	1780131878
2016/thailand/images/image117.jpg	21594	1780131902
2023/corfu/images/image26.jpg	74161	1780131901
2022/iceland/iceland22_files/webpreview_htm_96f7a80e05fb9ced.jpg	54121	1780131880
2019/france/images/image21.jpg	118656	1780131871
2014/iceland/images/image148.jpg	39241	1780131867
2022/austria/austria22_files/webpreview_htm_52cb0ed918071c72.jpg	257624	1780131883
2017/greece/images/image29.jpg	46324	1780131896
2020/greece/images/image52.jpg	101337	1780131869
2022/iceland/iceland22_files/webpreview_htm_ad42e2c03debc915.jpg	54239	1780131879
2018/austria/images/image31.jpg	17714	1780131886
2022/austria/images/image16.jpg	70023	1780131885
2022/iceland/iceland22_files/webpreview_htm_d1c6620a44b7061c.jpg	68419	1780131880
2013/norway/images/image21.jpg	44342	1780131907
2022/iceland/iceland22_files/webpreview_htm_e067e425018f7ff3.jpg	63969	1780131880
2020/greece/images/image21.jpg	105821	1780131869
img/about-02.jpg	7520	1780131867
2024/greece/images/image28.jpg	212492	1780131893
2019/greece/images/image11.jpg	104972	1780131873
2017/lapland/images/image17.jpg	17962	1780131896
2013/norway/images/image122.jpg	49317	1780131908
2016/thailand/images/image72.jpg	85600	1780131903
2019/france/images/image8.jpg	83483	1780131872
2012/ireland/images/image46.jpg	42438	1780131909
2020/greece/images/image90.jpg	43179	1780131870
2012/ireland/images/image72.jpg	47735	1780131909
2023/corfu/images/image7.jpg	81699	1780131901
2020/greece/images/image64.jpg	90496	1780131868
2016/thailand/images/image19.jpg	58517	1780131903
2023/romania/images/image17.jpg	105118	1780131901
2019/greece/images/image45.jpg	58733	1780131873
2014/iceland/images/image143.jpg	43423	1780131864
2014/iceland/images/image46.jpg	31212	1780131863
2024/greece/images/image20.jpg	171303	1780131894
2024/czechia/images/image75.jpg	34942	1780131892
2015/georgia/images/image92.jpg	68328	1780131878
2019/greece/images/image19.jpg	48098	1780131874
2014/iceland/images/image106.jpg	70738	1780131863
2022/iceland/iceland22_files/webpreview_htm_30b4263e21a1a61c.jpg	109696	1780131880
2012/ireland/images/image109.jpg	40358	1780131910
2024/czechia/images/image17.jpg	164682	1780131892
2014/iceland/images/image80.jpg	47268	1780131864
2013/norway/images/image123.jpg	38868	1780131906
2016/thailand/images/image73.jpg	50759	1780131904
2019/france/images/image9.jpg	77373	1780131873
2018/austria/images/image71.jpg	62100	1780131887
2019/greece/images/image7.jpg	62832	1780131873
2024/cyprus/images/image32.jpg	96298	1780131890
2014/iceland/images/image109.jpg	41304	1780131865
2019/france/images/image78.jpg	97539	1780131872
2014/iceland/images/image94.jpg	71057	1780131866
2024/czechia/images/image20.jpg	260056	1780131892
2022/austria/austria22_files/webpreview_htm_2dd91eeba8da9b53.jpg	59771	1780131883
2014/iceland/images/image55.jpg	39277	1780131865
2023/corfu/images/image22.jpg	120960	1780131901
2019/france/images/image25.jpg	86330	1780131871
2014/iceland/images/image49.jpg	47620	1780131863
2012/ireland/images/image61.jpg	48461	1780131909
2016/thailand/images/image16.jpg	69660	1780131901
2023/romania/images/image18.jpg	83096	1780131901
2017/lapland/images/image1.jpg	16664	1780131895
2020/greece/images/image73.jpg	47978	1780131869
2013/norway/images/image116.jpg	19570	1780131908
2013/norway/images/image33.jpg	40397	1780131907
2016/thailand/images/image46.jpg	42861	1780131902
2013/norway/images/image131.jpg	48603	1780131908
2016/thailand/images/image61.jpg	42416	1780131903
2023/romania/images/image55.jpg	104422	1780131900
2023/romania/images/image47.jpg	71816	1780131900
2018/montenegro/images/image15.jpg	53007	1780131888
2022/austria/austria22_files/webpreview_htm_722745bc1feed7f9.jpg	29187	1780131885
2012/ireland/images/image26.jpg	39731	1780131910
2020/greece/images/image34.jpg	52913	1780131867
2022/iceland/iceland22_files/webpreview_htm_2a36ebaa0d3041ca.jpg	62770	1780131879
2015/georgia/images/image18.jpg	57036	1780131878
img/gallery/08.jpg	11423	1780131867
2014/iceland/images/image64.jpg	29664	1780131863
2016/thailand/images/image88.jpg	62249	1780131905
2016/thailand/images/image110.jpg	21202	1780131902
2017/lapland/images/image60.jpg	22505	1780131894
2022/austria/austria22_files/webpreview_htm_ad975d7eee206200.jpg	71844	1780131884
2022/iceland/iceland22_files/webpreview_htm_2d2b89539dc2c680.jpg	37828	1780131879
2023/holland/holland23_files/holland23_htm_21269db82e27f72e.jpg	201703	1780131899
2014/iceland/images/image174.jpg	62090	1780131863
2016/thailand/images/image64.jpg	90860	1780131902
2013/norway/images/image1.jpg	29125	1780131907
2024/czechia/images/image60.jpg	249926	1780131891
2022/austria/austria22_files/webpreview_htm_73eb51c24d77b5ac.jpg	58630	1780131884
2015/georgia/images/image69.jpg	52112	1780131878
2017/lapland/images/image15.jpg	84978	1780131894
2015/georgia/images/image70.jpg	70741	1780131877
2017/greece/images/image32.jpg	63731	1780131897
2018/austria/images/image46.jpg	104222	1780131887
2024/cyprus/images/image3.jpg	61879	1780131891
2014/iceland/images/image121.jpg	43592	1780131864
2014/iceland/images/image79.jpg	157726	1780131863
2013/norway/images/image24.jpg	39031	1780131906
2023/romania/images/image42.jpg	60383	1780131900
2018/montenegro/images/image10.jpg	69030	1780131890
2022/iceland/iceland22_files/webpreview_htm_9f2ab636d4e69bb3.jpg	44317	1780131882
2024/czechia/images/image8.jpg	121420	1780131891
2019/greece/images/image68.jpg	117720	1780131874
2024/czechia/images/image58.jpg	99871	1780131892
2018/montenegro/images/image9.jpg	117488	1780131890
2018/austria/images/image58.jpg	66545	1780131888
2022/austria/austria22_files/webpreview_htm_94f509f7d4ea7a5f.jpg	92659	1780131884
2022/iceland/iceland22_files/webpreview_htm_564aaf8bab7d3d30.jpg	73817	1780131882
2015/georgia/images/image108.jpg	3984	1780131878
2020/greece/images/image57.jpg	137791	1780131868
2023/romania/images/image77.jpg	84894	1780131900
2024/czechia/images/image1.jpg	83292	1780131891
2018/montenegro/images/image65.jpg	26649	1780131890
2019/greece/images/image61.jpg	82337	1780131874
2016/thailand/images/image96.jpg	76486	1780131903
2022/iceland/iceland22_files/webpreview_htm_9cd73c78a480d3f0.jpg	52852	1780131881
2014/iceland/images/image90.jpg	63761	1780131866
2012/ireland/images/image56.jpg	24985	1780131910
2019/greece/images/image53.jpg	65489	1780131875
2020/greece/images/image84.jpg	55663	1780131870
2014/iceland/images/image78.jpg	37615	1780131866
2016/thailand/images/image67.jpg	47395	1780131905
2022/austria/austria22_files/webpreview_htm_9971b56dd6904ee5.jpg	268743	1780131885
2023/romania/images/image71.jpg	124689	1780131900
2024/czechia/images/image7.jpg	192928	1780131891
2018/montenegro/images/image63.jpg	38654	1780131888
2019/greece/images/image67.jpg	40993	1780131875
2023/holland/holland23_files/holland23_htm_2bb539058b90ebeb.jpg	59865	1780131899
2024/greece/images/image21.jpg	97055	1780131893
2024/czechia/images/image74.jpg	146649	1780131891
2015/georgia/images/image93.jpg	60693	1780131877
2019/greece/images/image18.jpg	121204	1780131875
2018/montenegro/images/image19.jpg	83296	1780131889
2020/greece/images/image9.jpg	176444	1780131870
2012/ireland/images/image99.jpg	51585	1780131910
2022/iceland/iceland22_files/webpreview_htm_158605fa726adaad.jpg	34359	1780131880
2019/france/images/image58.jpg	54348	1780131873
2013/norway/images/image7.jpg	62946	1780131906
2024/czechia/images/image66.jpg	151958	1780131891
2020/greece/images/image104.jpg	105984	1780131868
2012/ireland/images/image64.jpg	25634	1780131909
2016/thailand/images/image13.jpg	139999	1780131904
2017/lapland/images/image4.jpg	22034	1780131895
2020/greece/images/image76.jpg	48699	1780131870
2012/ireland/images/image41.jpg	53267	1780131910
2020/greece/images/image97.jpg	54002	1780131869
2015/georgia/images/image31.jpg	55025	1780131876
2014/iceland/images/image31.jpg	44227	1780131863
2023/romania/images/image74.jpg	105210	1780131900
2024/czechia/images/image2.jpg	224459	1780131891
2018/montenegro/images/image66.jpg	24295	1780131889
2022/iceland/iceland22_files/webpreview_htm_a57238f2a2deb250.jpg	61565	1780131880
2019/greece/images/image62.jpg	67599	1780131876
2023/romania/images/image46.jpg	143611	1780131900
2023/holland/holland23_files/holland23_htm_fc6659ac5e0790a5.jpg	186044	1780131899
2018/montenegro/images/image14.jpg	38416	1780131889
2023/romania/images/image72.jpg	48598	1780131900
2024/czechia/images/image4.jpg	104166	1780131891
2018/montenegro/images/image60.jpg	54539	1780131888
2019/greece/images/image64.jpg	55172	1780131874
2013/norway/images/image4.jpg	43956	1780131907
2024/czechia/images/image65.jpg	93888	1780131892
2016/thailand/images/image122.jpg	42627	1780131905
2017/lapland/images/image52.jpg	87627	1780131895
2020/greece/images/image4.jpg	65834	1780131869
2012/ireland/images/image86.jpg	60037	1780131910
2024/greece/images/image3.jpg	112472	1780131893
2019/france/images/image65.jpg	109321	1780131872
2024/czechia/images/image39.jpg	50945	1780131892
2022/iceland/iceland22_files/webpreview_htm_f96094b0a5e415a9.jpg	38418	1780131881
2014/iceland/images/image167.jpg	49294	1780131865
2013/norway/images/image20.jpg	22658	1780131908
2014/iceland/images/image30.jpg	43263	1780131862
2023/corfu/images/image27.jpg	87567	1780131901
2019/france/images/image20.jpg	64941	1780131873
2014/iceland/images/image149.jpg	34032	1780131867
2023/romania/images/image75.jpg	56522	1780131901
2024/czechia/images/image3.jpg	120459	1780131892
2018/montenegro/images/image67.jpg	74989	1780131890
2019/greece/images/image63.jpg	76417	1780131873
2019/france/images/image4.jpg	52194	1780131872
2012/praga/images/image26.jpg	52326	1780131911
2019/france/images/image19.jpg	42864	1780131871
2014/iceland/images/image156.jpg	54363	1780131864
2020/greece/images/image16.jpg	54677	1780131867
2012/ireland/images/image89.jpg	44920	1780131908
2024/cyprus/images/image10.jpg	105078	1780131891
2018/austria/images/image3.jpg	27738	1780131888
2015/georgia/images/image16.jpg	72428	1780131876
img/gallery/06.jpg	17049	1780131867
2012/ireland/images/image53.jpg	54691	1780131910
2019/greece/images/image56.jpg	50840	1780131875
2020/greece/images/image81.jpg	114002	1780131867
2023/romania/images/image63.jpg	279817	1780131900
2019/greece/images/image71.jpg	61710	1780131875
2012/praga/images/image6.jpg	46585	1780131911
2018/austria/images/image13.jpg	23594	1780131887
2024/greece/images/image56.jpg	96549	1780131893
2015/georgia/images/image24.jpg	68743	1780131876
2013/norway/images/image76.jpg	50021	1780131908
2017/greece/images/image15.jpg	62469	1780131896
2018/austria/images/image61.jpg	73648	1780131887
2022/austria/images/image24.jpg	50452	1780131885
2015/georgia/images/image88.jpg	61344	1780131879
2019/greece/images/image25.jpg	77955	1780131873
2013/norway/images/image102.jpg	53781	1780131908
2016/thailand/images/image52.jpg	96715	1780131904
2022/iceland/iceland22_files/webpreview_htm_efab6d68fcce74cd.jpg	78800	1780131880
2024/czechia/images/image59.jpg	108447	1780131892
2018/montenegro/images/image8.jpg	71315	1780131889
2024/cyprus/images/image11.jpg	175474	1780131890
2018/austria/images/image2.jpg	84145	1780131887
2015/georgia/images/image17.jpg	63035	1780131879
img/gallery/07.jpg	22851	1780131867
2014/iceland/images/image40.jpg	55602	1780131863
2014/iceland/images/image145.jpg	33933	1780131862
2019/france/images/image41.jpg	49287	1780131872
2019/france/images/image31.jpg	104447	1780131871
2017/lapland/images/image42.jpg	17210	1780131895
2024/czechia/images/image35.jpg	75259	1780131891
2016/thailand/images/image82.jpg	57263	1780131903
2013/norway/images/image98.jpg	41641	1780131908
2018/montenegro/images/image44.jpg	76682	1780131888
2022/iceland/iceland22_files/webpreview_htm_5881d964bc232baa.jpg	78032	1780131883
2013/norway/images/image80.jpg	40813	1780131907
2017/greece/images/image41.jpg	77851	1780131898
2012/praga/images/image12.jpg	106097	1780131911
2024/czechia/images/image48.jpg	88917	1780131892
2012/ireland/images/image13.jpg	24985	1780131909
2020/greece/images/image41.jpg	29976	1780131870
2022/iceland/iceland22_files/webpreview_htm_56a439a0ea89c145.jpg	75527	1780131883
2015/georgia/images/image47.jpg	57812	1780131876
2018/montenegro/images/image87.jpg	99790	1780131889
2015/georgia/images/image2.jpg	55914	1780131877
2024/greece/images/image24.jpg	143400	1780131892
2024/czechia/images/image71.jpg	110821	1780131891
2022/iceland/iceland22_files/webpreview_htm_2fc42c5b8daca4d3.jpg	55258	1780131881
2015/georgia/images/image96.jpg	66281	1780131877
2016/thailand/images/image99.jpg	83846	1780131904
2016/thailand/images/image101.jpg	35056	1780131902
2012/ireland/images/image106.jpg	65231	1780131909
2022/austria/austria22_files/webpreview_htm_7bd65a2006a50a18.jpg	40159	1780131884
2014/iceland/images/image73.jpg	21992	1780131865
2018/montenegro/images/image47.jpg	70154	1780131888
2024/cyprus/images/image14.jpg	84894	1780131890
2018/austria/images/image7.jpg	57434	1780131886
2015/georgia/images/image12.jpg	73893	1780131877
img/gallery/02.jpg	24619	1780131867
2024/czechia/images/image47.jpg	88018	1780131891
2022/austria/austria22_files/webpreview_htm_cb196541f926152b.jpg	104050	1780131884
2022/iceland/iceland22_files/webpreview_htm_8e09771a596819c8.jpg	40966	1780131882
2022/iceland/iceland22_files/webpreview_htm_ee8c0b9bd6825fca.jpg	30520	1780131880
2019/france/images/image44.jpg	24981	1780131871
2024/czechia/images/image38.jpg	70339	1780131891
2014/iceland/images/image166.jpg	79349	1780131864
2024/greece/images/image52.jpg	61465	1780131893
2015/georgia/images/image20.jpg	34176	1780131879
2023/romania/images/image24.jpg	103243	1780131900
2022/iceland/iceland22_files/webpreview_htm_5c9149b89f88ced0.jpg	71522	1780131879
2019/greece/images/image36.jpg	90928	1780131873
2014/iceland/images/image170.jpg	36780	1780131863
2023/romania/images/image45.jpg	68753	1780131900
2018/montenegro/images/image17.jpg	52226	1780131890
2022/iceland/iceland22_files/webpreview_htm_54eaf8b95fd9d8f1.jpg	99601	1780131881
2024/cyprus/images/image15.jpg	197260	1780131890
2018/austria/images/image6.jpg	112934	1780131887
2022/iceland/iceland22_files/webpreview_htm_fe92c155b972153c.jpg	58709	1780131882
2015/georgia/images/image13.jpg	61680	1780131878
img/gallery/03.jpg	16260	1780131867
2012/ireland/images/image43.jpg	31426	1780131910
2016/thailand/images/image38.jpg	40017	1780131904
2020/greece/images/image95.jpg	46181	1780131869
2013/norway/images/image60.jpg	45668	1780131906
2016/thailand/images/image37.jpg	26562	1780131905
2012/ireland/images/image111.jpg	46570	1780131910
2024/greece/images/image44.jpg	125000	1780131893
2022/iceland/iceland22_files/webpreview_htm_3d764b3e23e756c6.jpg	37617	1780131880
2013/norway/images/image38.jpg	33480	1780131907
2018/austria/images/image27.jpg	45010	1780131887
2024/czechia/images/image50.jpg	78716	1780131892
2018/montenegro/images/image1.jpg	81679	1780131889
2023/corfu/images/image29.jpg	128147	1780131901
2022/iceland/iceland22_files/webpreview_htm_935e76f327f13a7d.jpg	64942	1780131881
2014/iceland/images/image147.jpg	34344	1780131866
2014/iceland/images/image42.jpg	24963	1780131864
2014/iceland/images/image100.jpg	113135	1780131862
2018/montenegro/images/image82.jpg	60627	1780131889
2015/georgia/images/image7.jpg	34985	1780131876
2014/iceland/images/image29.jpg	52181	1780131862
2012/ireland/images/image70.jpg	41446	1780131909
2023/corfu/images/image5.jpg	93277	1780131901
2020/greece/images/image66.jpg	136320	1780131868
2013/norway/images/image115.jpg	75886	1780131908
2013/norway/images/image30.jpg	70816	1780131906
2016/thailand/images/image45.jpg	49989	1780131902
2012/ireland/images/image35.jpg	33216	1780131909
2012/praga/images/image10.jpg	71676	1780131912
2017/greece/images/image27.jpg	107434	1780131897
2018/austria/images/image53.jpg	55182	1780131887
2015/georgia/images/image103.jpg	45680	1780131876
2016/thailand/images/image27.jpg	36290	1780131903
2022/iceland/iceland22_files/webpreview_htm_2f3414da91fade91.jpg	49344	1780131879
2023/corfu/images/image28.jpg	132720	1780131901
2014/iceland/images/image146.jpg	112147	1780131866
2014/iceland/images/image43.jpg	39338	1780131865
2024/czechia/images/image15.jpg	61713	1780131891
2014/iceland/images/image82.jpg	52793	1780131864
2023/holland/holland23_files/holland23_htm_cec96dd2c1e156d4.jpg	54739	1780131898
2022/austria/images/image1.jpg	86956	1780131886
2020/greece/images/image24.jpg	90274	1780131867
2012/ireland/images/image67.jpg	71341	1780131910
2016/thailand/images/image10.jpg	66340	1780131906
2017/lapland/images/image7.jpg	113691	1780131894
2020/greece/images/image75.jpg	68308	1780131869
2023/romania/images/image20.jpg	81450	1780131901
2019/greece/images/image32.jpg	115092	1780131875
2020/greece/images/image69.jpg	47793	1780131869
2022/austria/austria22_files/webpreview_htm_348705f531ec81f2.jpg	149625	1780131885
2014/iceland/images/image26.jpg	31713	1780131867
2012/ireland/images/image103.jpg	37109	1780131908
2023/holland/holland23_files/holland23_htm_9d98b8575e13cb8.jpg	29282	1780131899
2014/iceland/images/image76.jpg	33300	1780131866
2024/czechia/images/image24.jpg	94147	1780131891
2014/iceland/images/image51.jpg	121715	1780131863
2017/lapland/images/image33.jpg	89822	1780131895
2017/lapland/images/image25.jpg	20066	1780131894
2019/france/images/image11.jpg	67721	1780131871
2012/ireland/images/image16.jpg	27467	1780131908
2020/greece/images/image44.jpg	50749	1780131868
2012/ireland/images/image69.jpg	58784	1780131910
2023/romania/images/image10.jpg	111997	1780131901
2017/lapland/images/image9.jpg	76200	1780131896
2019/greece/images/image42.jpg	96498	1780131874
2024/czechia/images/image21.jpg	149573	1780131891
2014/iceland/images/image54.jpg	36156	1780131864
2013/norway/images/image100.jpg	42881	1780131906
2016/thailand/images/image50.jpg	130373	1780131906
2022/austria/images/image19.jpg	32670	1780131886
2024/czechia/images/image52.jpg	95064	1780131891
2018/montenegro/images/image3.jpg	83091	1780131890
2013/norway/images/image16.jpg	38647	1780131906
2016/thailand/images/image3.jpg	62235	1780131905
2022/austria/images/image00.jpg	14342	1780131886
2022/iceland/iceland22_files/webpreview_htm_1c114499b3ac673f.jpg	60758	1780131879
2015/georgia/images/image98.jpg	145891	1780131878
2019/greece/images/image13.jpg	63530	1780131874
2022/iceland/iceland22_files/webpreview_htm_807eb9ecd2d20043.jpg	132124	1780131880
2017/greece/images/image22.jpg	62208	1780131897
2018/austria/images/image56.jpg	87403	1780131887
2022/austria/austria22_files/webpreview_htm_793de31ab3df5f31.jpg	64210	1780131883
2022/iceland/iceland22_files/webpreview_htm_5ceddda63d94fd21.jpg	65808	1780131881
2015/georgia/images/image106.jpg	25484	1780131876
2020/greece/images/image59.jpg	42414	1780131870
2012/ireland/images/image114.jpg	36846	1780131909
2024/greece/images/image41.jpg	247070	1780131894
2017/lapland/images/image38.jpg	64318	1780131895
2024/cyprus/images/image7.jpg	45047	1780131890
2014/iceland/images/image125.jpg	36582	1780131863
2017/lapland/images/image20.jpg	39023	1780131896
2019/france/images/image14.jpg	54733	1780131872
2022/austria/austria22_files/webpreview_htm_e4f7ef3183f84d43.jpg	107328	1780131883
2016/thailand/images/image68.jpg	54016	1780131902
2022/iceland/iceland22_files/webpreview_htm_64a803e6d62ced75.jpg	53643	1780131881
2017/lapland/images/image55.jpg	87577	1780131895
2020/greece/images/image3.jpg	139996	1780131870
2014/iceland/images/image163.jpg	31409	1780131865
2014/iceland/images/image114.jpg	64234	1780131864
2017/greece/images/image23.jpg	84300	1780131897
2018/austria/images/image57.jpg	70983	1780131886
2015/georgia/images/image107.jpg	53965	1780131879
2020/greece/images/image58.jpg	81542	1780131870
2024/czechia/images/image22.jpg	123012	1780131891
2022/austria/austria22_files/webpreview_htm_77fd056f4629a9e8.jpg	86956	1780131885
2014/iceland/images/image178.jpg	34744	1780131866
2014/iceland/images/image57.jpg	32408	1780131863
2016/thailand/images/image123.jpg	42097	1780131901
2017/lapland/images/image53.jpg	3984	1780131895
2020/greece/images/image5.jpg	121194	1780131868
2013/norway/images/image114.jpg	28265	1780131907
2013/norway/images/image31.jpg	43180	1780131906
2016/thailand/images/image44.jpg	82240	1780131902
2023/corfu/images/image30.jpg	91167	1780131901
2017/lapland/images/image29.jpg	58277	1780131894
2014/iceland/images/image152.jpg	31909	1780131864
2024/czechia/images/image10.jpg	96861	1780131892
2014/iceland/images/image87.jpg	30003	1780131864
2018/montenegro/images/image69.jpg	73804	1780131889
2013/norway/images/image106.jpg	58003	1780131906
2016/thailand/images/image56.jpg	84916	1780131904
2018/austria/images/image38.jpg	69545	1780131887
2013/norway/images/image91.jpg	29278	1780131908
2022/iceland/iceland22_files/webpreview_htm_c0a0cc72db0f6201.jpg	62547	1780131879
2013/norway/images/image87.jpg	41066	1780131907
2017/greece/images/image46.jpg	87286	1780131897
2022/iceland/iceland22_files/webpreview_htm_42432c1582bbcd8f.jpg	40272	1780131881
2014/iceland/images/image23.jpg	11809	1780131865
2023/romania/images/image43.jpg	59653	1780131900
2018/montenegro/images/image11.jpg	76405	1780131888
2014/iceland/images/image107.jpg	47243	1780131867
2017/greece/images/image30.jpg	56408	1780131896
2018/austria/images/image44.jpg	46433	1780131887
2023/holland/holland23_files/holland23_htm_abcc01e0e073ef8c.jpg	151827	1780131898
2020/greece/images/image11.jpg	151645	1780131868
2024/greece/images/image9.jpg	73756	1780131894
2017/lapland/images/image56.jpg	101430	1780131895
2022/austria/austria22_files/webpreview_htm_db84d5fd6c162567.jpg	81115	1780131883
2017/lapland/images/image24.jpg	15009	1780131894
2022/iceland/iceland22_files/webpreview_htm_5e95e4a4560607b2.jpg	132153	1780131882
2019/france/images/image10.jpg	36126	1780131873
2016/thailand/images/image120.jpg	94787	1780131905
2017/lapland/images/image50.jpg	53285	1780131896
2020/greece/images/image6.jpg	82322	1780131868
2013/norway/images/image105.jpg	37542	1780131906
2016/thailand/images/image55.jpg	81585	1780131904
2022/iceland/iceland22_files/webpreview_htm_e05e90e3e90c149a.jpg	50077	1780131880
2015/georgia/images/image76.jpg	46653	1780131878
2023/romania/images/image68.jpg	71490	1780131900
2023/holland/holland23_files/holland23_htm_274aed136c492389.jpg	141511	1780131899
2018/montenegro/images/image76.jpg	41903	1780131890
2022/austria/austria22_files/webpreview_htm_abaf9aef37e14cf6.jpg	53160	1780131883
2012/ireland/images/image50.jpg	50373	1780131910
2019/greece/images/image55.jpg	85897	1780131875
2020/greece/images/image82.jpg	39121	1780131868
2012/ireland/images/image110.jpg	34664	1780131909
2024/greece/images/image45.jpg	112100	1780131893
2020/greece/images/image8.jpg	59199	1780131869
2020/greece/images/image10.jpg	89100	1780131870
2023/romania/images/image25.jpg	172302	1780131900
2022/austria/austria22_files/webpreview_htm_e16913f1e0780f5d.jpg	24911	1780131883
2019/greece/images/image37.jpg	62374	1780131875
2017/lapland/images/image57.jpg	97438	1780131894
2022/iceland/iceland22_files/webpreview_htm_197014aa2a02dad4.jpg	59980	1780131882
2020/greece/images/image1.jpg	126099	1780131869
2023/corfu/images/image25.jpg	76386	1780131901
2022/iceland/iceland22_files/webpreview_htm_3a62c2cd7a5d6336.jpg	126355	1780131881
2019/france/images/image22.jpg	63907	1780131871
2022/austria/austria22_files/webpreview_htm_43f18c8894f9a0dd.jpg	30160	1780131885
2014/iceland/images/image5.jpg	46573	1780131864
2015/georgia/images/image89.jpg	56007	1780131876
2019/greece/images/image24.jpg	87878	1780131873
2018/montenegro/images/image30.jpg	35982	1780131888
2018/austria/images/image19.jpg	83903	1780131887
2014/iceland/images/image186.jpg	23791	1780131865
2023/romania/images/image67.jpg	47109	1780131901
2018/montenegro/images/image79.jpg	48662	1780131888
2019/greece/images/image75.jpg	227474	1780131875
2024/czechia/images/image12.jpg	120274	1780131891
2015/georgia/images/image79.jpg	71800	1780131876
2014/iceland/images/image85.jpg	54752	1780131866
2012/ireland/images/image18.jpg	11495	1780131910
2014/iceland/images/image111.jpg	52592	1780131865
2023/corfu/images/image14.jpg	92862	1780131901
2013/norway/images/image46.jpg	33321	1780131906
2022/austria/austria22_files/webpreview_htm_1fa037830fd3ff34.jpg	84695	1780131884
2023/holland/holland23_files/holland23_htm_9f4e0c385bfa78fa.jpg	111271	1780131899
2024/cyprus/images/image18.jpg	44889	1780131891
2014/iceland/images/image62.jpg	66982	1780131867
2012/ireland/images/image88.jpg	44219	1780131910
2016/thailand/images/image69.jpg	60667	1780131904
2022/iceland/iceland22_files/webpreview_htm_13b4eac4b379bfd3.jpg	89480	1780131882
2012/ireland/images/image19.jpg	60675	1780131909
2017/greece/images/image56.jpg	62743	1780131897
2022/iceland/iceland22_files/webpreview_htm_5dcbfbd499437c54.jpg	46667	1780131882
2012/ireland/images/image76.jpg	55372	1780131910
2023/corfu/images/image3.jpg	114696	1780131901
2023/romania/images/image29.jpg	110163	1780131900
2020/greece/images/image60.jpg	98019	1780131867
2018/montenegro/images/image56.jpg	70379	1780131889
2018/montenegro/images/image40.jpg	43633	1780131889
2013/norway/images/image6.jpg	36654	1780131907
2024/czechia/images/image67.jpg	57631	1780131892
2019/greece/images/image59.jpg	58658	1780131875
2022/iceland/iceland22_files/webpreview_htm_ce783071256abeef.jpg	104725	1780131880
2016/thailand/images/image104.jpg	97506	1780131902
2016/thailand/images/image84.jpg	46418	1780131905
2023/holland/holland23_files/holland23_htm_5bba5df1bcf67d3d.jpg	43926	1780131899
2013/norway/images/image128.jpg	43293	1780131908
2016/thailand/images/image78.jpg	97575	1780131905
2019/france/images/image2.jpg	77121	1780131871
2012/praga/images/image1.jpg	69542	1780131911
2018/austria/images/image14.jpg	55739	1780131887
2024/greece/images/image58.jpg	53886	1780131894
2013/norway/images/image111.jpg	38400	1780131907
2013/norway/images/image34.jpg	23926	1780131906
2016/thailand/images/image41.jpg	199302	1780131905
2024/czechia/images/image32.jpg	175707	1780131892
2017/greece/images/image28.jpg	78008	1780131897
2020/greece/images/image53.jpg	78269	1780131869
2016/thailand/images/image107.jpg	68326	1780131906
2022/austria/austria22_files/webpreview_htm_29a8730f2b09b21b.jpg	50452	1780131884
2017/greece/images/image53.jpg	65308	1780131897
2013/norway/images/image127.jpg	31980	1780131906
2016/thailand/images/image77.jpg	114580	1780131904
2018/montenegro/images/image53.jpg	73255	1780131889
2012/ireland/images/image51.jpg	39343	1780131909
2023/holland/holland23_files/holland23_htm_53ce25e4cbefae18.jpg	157311	1780131898
2019/greece/images/image54.jpg	91316	1780131874
2020/greece/images/image83.jpg	19289	1780131868
2013/norway/images/image67.jpg	25833	1780131908
2016/thailand/images/image30.jpg	39150	1780131901
2013/norway/images/image42.jpg	45232	1780131907
2019/greece/images/image9.jpg	35600	1780131876
2012/ireland/images/image49.jpg	25040	1780131909
2013/norway/images/image65.jpg	39659	1780131908
2016/thailand/images/image32.jpg	80149	1780131904
2022/austria/austria22_files/webpreview_htm_dc656726b690da65.jpg	71138	1780131883
2023/romania/images/image14.jpg	97775	1780131900
2023/holland/holland23_files/holland23_htm_f9833180f3473fb1.jpg	100919	1780131898
2019/france/images/image70.jpg	72345	1780131871
2017/lapland/images/image27.jpg	71348	1780131895
2019/france/images/image13.jpg	153720	1780131872
2017/greece/images/image52.jpg	45412	1780131897
2014/iceland/images/image105.jpg	51938	1780131863
2024/cyprus/images/image31.jpg	70349	1780131890
2013/norway/images/image54.jpg	26040	1780131907
2019/france/images/image43.jpg	88940	1780131872
2012/ireland/images/image108.jpg	71027	1780131910
2013/norway/images/image130.jpg	50407	1780131907
2016/thailand/images/image60.jpg	98844	1780131902
2012/ireland/images/image74.jpg	38017	1780131909
2023/corfu/images/image1.jpg	102208	1780131901
2022/iceland/iceland22_files/webpreview_htm_499c7cd8aeed8742.jpg	102754	1780131881
2019/greece/images/image39.jpg	65563	1780131875
2020/greece/images/image62.jpg	194056	1780131870
2012/ireland/images/image33.jpg	16522	1780131909
2022/iceland/iceland22_files/webpreview_htm_742cf442c26e510c.jpg	100030	1780131880
2012/ireland/images/image2.jpg	34032	1780131909
2022/iceland/iceland22_files/webpreview_htm_2c60eac63e215ee6.jpg	64093	1780131883
2015/georgia/images/image55.jpg	60447	1780131878
2018/montenegro/images/image80.jpg	33499	1780131889
2015/georgia/images/image5.jpg	91187	1780131877
2022/iceland/iceland22_files/webpreview_htm_c5edf108fc7abf49.jpg	62451	1780131880
2022/iceland/iceland22_files/webpreview_htm_3617a2b5f6b267f2.jpg	67744	1780131880
2014/iceland/images/image175.jpg	43743	1780131866
2012/ireland/images/image100.jpg	32896	1780131908
2014/iceland/images/image75.jpg	42706	1780131866
2014/iceland/images/image17.jpg	49348	1780131867
2014/iceland/images/image130.jpg	40009	1780131865
2012/ireland/images/image75.jpg	33640	1780131910
2019/greece/images/image38.jpg	114709	1780131875
2020/greece/images/image63.jpg	60610	1780131868
2013/norway/images/image18.jpg	36219	1780131908
2016/thailand/images/image25.jpg	75878	1780131902
2022/austria/austria22_files/webpreview_htm_db3d38c1493b0e1a.jpg	110392	1780131883
2024/czechia/images/image45.jpg	98134	1780131891
2022/iceland/iceland22_files/webpreview_htm_d5016462ce1eecb6.jpg	73752	1780131879
2017/lapland/images/image39.jpg	113350	1780131895
2024/cyprus/images/image6.jpg	127126	1780131890
2014/iceland/images/image124.jpg	57005	1780131863
2014/iceland/images/image20.jpg	52518	1780131867
2023/holland/holland23_files/holland23_htm_a6659505dbc446aa.jpg	75214	1780131898
2018/austria/images/image59.jpg	104469	1780131888
2020/greece/images/image56.jpg	106041	1780131869
2012/ireland/images/image63.jpg	34116	1780131909
2016/thailand/images/image14.jpg	99552	1780131904
2017/lapland/images/image3.jpg	83586	1780131896
2019/greece/images/image48.jpg	41613	1780131875
2020/greece/images/image71.jpg	107513	1780131869
2024/greece/images/image25.jpg	150070	1780131892
2024/czechia/images/image70.jpg	169965	1780131891
2015/georgia/images/image97.jpg	62443	1780131878
2023/romania/images/image32.jpg	77798	1780131900
2017/greece/images/image4.jpg	52740	1780131897
2024/greece/images/image37.jpg	124294	1780131894
2015/georgia/images/image81.jpg	69441	1780131876
2022/iceland/iceland22_files/webpreview_htm_8f56fa9574745b1f.jpg	101174	1780131880
2013/norway/images/image62.jpg	36744	1780131908
2016/thailand/images/image35.jpg	50900	1780131903
2022/austria/austria22_files/webpreview_htm_8c1b08b9cd8d1f27.jpg	91993	1780131885
2020/greece/images/image98.jpg	148034	1780131870
2012/ireland/images/image66.jpg	40996	1780131909
2016/thailand/images/image11.jpg	77419	1780131902
2017/lapland/images/image6.jpg	44527	1780131895
2020/greece/images/image74.jpg	60494	1780131869
2018/austria/images/image9.jpg	85574	1780131888
2014/iceland/images/image60.jpg	30430	1780131862
2013/norway/images/image132.jpg	24115	1780131908
2016/thailand/images/image62.jpg	167981	1780131906
2022/iceland/iceland22_files/webpreview_htm_616e3f0f534c18d9.jpg	36601	1780131882
2024/cyprus/images/image21.jpg	63807	1780131890
2018/austria/images/image25.jpg	33904	1780131886
2023/holland/holland23_files/holland23_htm_ec5101c5f2a710a0.jpg	97579	1780131898
2014/iceland/images/image171.jpg	44263	1780131865
2013/norway/images/image51.jpg	24185	1780131906
2022/iceland/iceland22_files/webpreview_htm_7e16c34eef120ada.jpg	80863	1780131882
2022/iceland/iceland22_files/webpreview_htm_d1e727c1cc4ddb19.jpg	33964	1780131879
2019/greece/images/image17.jpg	90923	1780131875
2023/romania/images/image37.jpg	85322	1780131901
2017/greece/images/image1.jpg	53749	1780131897
2024/greece/images/image32.jpg	119657	1780131893
2015/georgia/images/image84.jpg	75688	1780131879
2019/greece/images/image29.jpg	177622	1780131873
2024/czechia/images/image13.jpg	128445	1780131891
2015/georgia/images/image78.jpg	69177	1780131878
2014/iceland/images/image84.jpg	27206	1780131867
2014/iceland/images/image58.jpg	36031	1780131867
2014/iceland/images/image177.jpg	78414	1780131866
2019/france/images/image75.jpg	66831	1780131872
2014/iceland/images/image99.jpg	29866	1780131865
2015/georgia/images/image71.jpg	73752	1780131878
2012/ireland/images/image54.jpg	49135	1780131909
2019/greece/images/image51.jpg	60925	1780131873
2020/greece/images/image86.jpg	126837	1780131870
2024/cyprus/images/image2.jpg	85825	1780131890
2014/iceland/images/image120.jpg	78435	1780131866
2015/georgia/images/image43.jpg	79927	1780131878
2012/ireland/images/image65.jpg	19014	1780131910
2016/thailand/images/image12.jpg	64132	1780131902
2017/lapland/images/image5.jpg	83347	1780131895
2022/iceland/iceland22_files/webpreview_htm_992480a7eb0ce6d2.jpg	48231	1780131882
2020/greece/images/image77.jpg	124955	1780131869
2015/georgia/images/image77.jpg	34914	1780131878
2014/iceland/images/image154.jpg	80347	1780131865
2012/ireland/images/image101.jpg	23509	1780131909
2014/iceland/images/image74.jpg	44791	1780131864
2017/greece/images/image8.jpg	60848	1780131897
2019/greece/images/image20.jpg	61478	1780131876
2016/thailand/images/image20.jpg	69649	1780131906
2016/thailand/images/image8.jpg	117314	1780131904
2023/romania/images/image49.jpg	172263	1780131900
2017/lapland/images/image59.jpg	47179	1780131896
2014/iceland/images/image66.jpg	36023	1780131864
2016/thailand/images/image95.jpg	73171	1780131904
2016/thailand/images/image83.jpg	41758	1780131902
2022/iceland/iceland22_files/webpreview_htm_945a7e29c71e112a.jpg	82256	1780131879
2012/ireland/images/image8.jpg	44481	1780131909
2017/lapland/images/image21.jpg	123786	1780131895
2019/france/images/image15.jpg	63506	1780131871
2014/iceland/images/image155.jpg	75641	1780131865
2012/ireland/images/image34.jpg	52991	1780131908
2022/austria/austria22_files/webpreview_htm_61109fdd32f93865.jpg	115100	1780131884
2018/montenegro/images/image37.jpg	67006	1780131890
2014/iceland/images/image181.jpg	37808	1780131865
2023/romania/images/image62.jpg	125591	1780131901
2022/austria/austria22_files/webpreview_htm_91776b4956938576.jpg	94678	1780131885
2019/greece/images/image70.jpg	128154	1780131874
2024/czechia/images/image19.jpg	89094	1780131891
2015/georgia/images/image72.jpg	66799	1780131878
2023/romania/images/image33.jpg	46437	1780131900
2017/greece/images/image5.jpg	69302	1780131897
2024/greece/images/image36.jpg	40393	1780131892
2015/georgia/images/image80.jpg	58519	1780131877
2022/iceland/iceland22_files/webpreview_htm_e3c34ab060bbc1ea.jpg	58510	1780131882
2015/georgia/images/image74.jpg	47074	1780131878
2014/iceland/images/image88.jpg	52243	1780131867
2015/georgia/images/image19.jpg	72509	1780131877
2014/iceland/images/image65.jpg	52672	1780131867
2013/norway/images/image10.jpg	61848	1780131908
2016/thailand/images/image5.jpg	75428	1780131903
2023/romania/images/image4.jpg	258841	1780131900
2017/lapland/images/image46.jpg	53477	1780131894
2022/iceland/images/image00.jpg	46312	1780131883
2014/iceland/images/image112.jpg	59909	1780131866
2014/iceland/images/image39.jpg	88644	1780131865
2013/norway/images/image55.jpg	29022	1780131907
2024/czechia/images/image11.jpg	145468	1780131891
2014/iceland/images/image86.jpg	61249	1780131866
2018/montenegro/images/image36.jpg	96458	1780131888
2022/iceland/iceland22_files/webpreview_htm_7a80a39f822eeefd.jpg	40340	1780131882
2014/iceland/images/image180.jpg	36182	1780131866
2024/czechia/images/image18.jpg	108557	1780131892
2015/georgia/images/image73.jpg	36828	1780131878
2012/ireland/images/image78.jpg	27415	1780131910
2023/romania/images/image27.jpg	116966	1780131900
2022/iceland/iceland22_files/webpreview_htm_920dba0af6610502.jpg	62925	1780131882
2019/greece/images/image35.jpg	97936	1780131874
2012/ireland/images/image91.jpg	35115	1780131910
2019/france/images/image50.jpg	64537	1780131873
2022/austria/austria22_files/webpreview_htm_c819d46e23f1767e.jpg	87422	1780131884
2019/france/images/image34.jpg	86168	1780131870
2023/corfu/images/image10.jpg	42251	1780131901
2017/lapland/images/image49.jpg	74579	1780131894
2016/thailand/images/image22.jpg	55675	1780131903
2015/georgia/images/image46.jpg	73427	1780131877
2013/norway/images/image9.jpg	29928	1780131908
2024/greece/images/image13.jpg	267194	1780131893
2024/czechia/images/image68.jpg	141052	1780131891
2015/georgia/images/image61.jpg	47484	1780131877
2013/norway/images/image93.jpg	47101	1780131907
2013/norway/images/image85.jpg	39853	1780131908
2017/greece/images/image44.jpg	74875	1780131896
2018/montenegro/images/image59.jpg	40053	1780131890
2022/austria/austria22_files/webpreview_htm_cd335a9159e933cd.jpg	137795	1780131884
2015/georgia/images/image35.jpg	108033	1780131877
2012/ireland/images/image10.jpg	25369	1780131910
2022/iceland/iceland22_files/webpreview_htm_3c022dfed481d2fa.jpg	181556	1780131881
2020/greece/images/image42.jpg	51649	1780131868
2023/romania/images/image66.jpg	92522	1780131900
2018/montenegro/images/image78.jpg	67088	1780131890
2022/austria/austria22_files/webpreview_htm_2d7dd1f1cc248adf.jpg	176847	1780131884
2022/iceland/iceland22_files/webpreview_htm_bfdde8a61aef22d7.jpg	58828	1780131881
2019/greece/images/image74.jpg	89911	1780131874
2014/iceland/images/image59.jpg	46253	1780131867
2014/iceland/images/image176.jpg	49591	1780131866
2023/holland/holland23_files/holland23_htm_2694f7f9aa57cf9a.jpg	106381	1780131899
2023/holland/holland23_files/holland23_htm_e04ac1dd1081b21e.jpg	89033	1780131898
2018/montenegro/images/image86.jpg	85714	1780131890
2015/georgia/images/image3.jpg	62517	1780131878
2016/thailand/images/image116.jpg	73735	1780131905
2016/thailand/images/image98.jpg	54061	1780131905
2016/thailand/images/image100.jpg	101240	1780131902
2023/holland/holland23_files/holland23_htm_448fe351e537408.jpg	116442	1780131898
2013/norway/images/image107.jpg	48925	1780131908
2016/thailand/images/image57.jpg	97685	1780131902
2018/austria/images/image39.jpg	47704	1780131887
2014/iceland/images/image35.jpg	52766	1780131864
2012/ireland/images/image44.jpg	29864	1780131909
2013/norway/images/image68.jpg	40997	1780131906
2023/holland/holland23_files/holland23_htm_aec2400a33c0eb5d.jpg	104446	1780131899
2022/iceland/iceland22_files/webpreview_htm_ee27cd8ca515f63.jpg	73181	1780131881
2020/greece/images/image92.jpg	63002	1780131869
2024/czechia/images/image37.jpg	111428	1780131892
2014/iceland/images/image169.jpg	68615	1780131863
2023/corfu/images/image23.jpg	50331	1780131901
2019/france/images/image24.jpg	177405	1780131870
2014/iceland/images/image48.jpg	31459	1780131866
2012/ireland/images/image84.jpg	53760	1780131910
2024/greece/images/image1.jpg	183438	1780131893
2022/iceland/iceland22_files/webpreview_htm_3520333565a3e9e4.jpg	74193	1780131879
2019/france/images/image67.jpg	53057	1780131872
2019/france/images/image39.jpg	88421	1780131872
2020/greece/images/image101.jpg	88375	1780131868
2013/norway/images/image48.jpg	28893	1780131908
2022/austria/austria22_files/webpreview_htm_281679a8fcbb85b2.jpg	116655	1780131885
2022/austria/austria22_files/webpreview_htm_7e24537eb4761e5f.jpg	87613	1780131885
2019/greece/images/image3.jpg	63630	1780131875
2012/ireland/images/image104.jpg	58718	1780131909
2022/austria/austria22_files/webpreview_htm_d5983e41ad9db138.jpg	47847	1780131883
2014/iceland/images/image71.jpg	31111	1780131865
2020/greece/images/image89.jpg	61350	1780131867
2024/czechia/images/image34.jpg	126624	1780131891
2022/iceland/iceland22_files/webpreview_htm_b63f6209b214890f.jpg	48180	1780131879
2014/iceland/images/image142.jpg	11559	1780131865
2014/iceland/images/image47.jpg	62038	1780131863
2016/thailand/images/image113.jpg	59188	1780131903
2017/lapland/images/image63.jpg	17738	1780131894
2014/iceland/images/image38.jpg	122920	1780131865
2014/iceland/images/image113.jpg	62576	1780131864
2022/iceland/iceland22_files/webpreview_htm_408a98426c84c89e.jpg	52209	1780131883
2024/cyprus/images/image34.jpg	193849	1780131890
2024/greece/images/image54.jpg	54273	1780131893
2015/georgia/images/image26.jpg	49318	1780131879
2023/romania/images/image57.jpg	129692	1780131900
2023/romania/images/image30.jpg	94458	1780131900
2017/greece/images/image6.jpg	44431	1780131897
2024/greece/images/image35.jpg	29229	1780131893
2015/georgia/images/image83.jpg	103947	1780131876
2022/austria/austria22_files/webpreview_htm_eefec86c5e7e7ba3.jpg	129029	1780131885
2022/iceland/iceland22_files/webpreview_htm_e3bc4960d83b1411.jpg	46719	1780131880
2012/ireland/images/image36.jpg	68246	1780131909
2020/greece/images/image28.jpg	93137	1780131869
2012/ireland/images/image39.jpg	44235	1780131910
2022/iceland/iceland22_files/webpreview_htm_6f6cfca852f8ad78.jpg	83101	1780131879
2020/greece/images/image27.jpg	51471	1780131869
img/about-04.jpg	7502	1780131867
2013/norway/images/image88.jpg	47570	1780131908
2017/greece/images/image49.jpg	75396	1780131896
2018/montenegro/images/image54.jpg	58342	1780131889
2017/greece/images/image26.jpg	66789	1780131898
2018/austria/images/image52.jpg	61871	1780131887
2015/georgia/images/image102.jpg	43881	1780131878
2024/czechia/images/image25.jpg	139958	1780131891
2014/iceland/images/image50.jpg	38447	1780131867
2018/montenegro/images/image84.jpg	69048	1780131890
2015/georgia/images/image1.jpg	69317	1780131878
2018/austria/images/image70.jpg	105615	1780131887
2019/greece/images/image6.jpg	50897	1780131874
2013/norway/images/image77.jpg	46770	1780131907
2017/greece/images/image14.jpg	19785	1780131897
2018/austria/images/image60.jpg	28248	1780131886
2022/austria/images/image25.jpg	183621	1780131885
2022/austria/austria22_files/webpreview_htm_a3a8fde121d14a11.jpg	35913	1780131885
2012/ireland/images/image68.jpg	45023	1780131909
2023/romania/images/image11.jpg	109559	1780131900
2017/lapland/images/image8.jpg	27004	1780131895
2019/greece/images/image43.jpg	108206	1780131875
2020/greece/images/image55.jpg	31879	1780131869
2019/france/images/image49.jpg	57620	1780131871
2023/corfu/images/image21.jpg	97927	1780131901
2019/france/images/image26.jpg	57564	1780131873
2014/iceland/images/image92.jpg	30678	1780131866
2012/ireland/images/image25.jpg	41744	1780131909
2020/greece/images/image37.jpg	150714	1780131870
2018/montenegro/images/image85.jpg	30214	1780131890
2014/iceland/images/image132.jpg	102623	1780131866
2014/iceland/images/image15.jpg	35455	1780131863
2013/norway/images/image125.jpg	38229	1780131907
2016/thailand/images/image75.jpg	53555	1780131905
2019/france/images/image46.jpg	75439	1780131871
2022/iceland/iceland22_files/webpreview_htm_5c6303b77827c691.jpg	37537	1780131881
2019/greece/images/image16.jpg	41235	1780131873
2022/austria/austria22_files/webpreview_htm_3918e327a216057a.jpg	44322	1780131885
2024/greece/images/image50.jpg	107998	1780131894
2015/georgia/images/image22.jpg	92853	1780131878
2013/norway/images/image78.jpg	48357	1780131908
2018/montenegro/images/image24.jpg	43647	1780131888
2014/iceland/images/image196.jpg	48040	1780131864
2014/iceland/images/image24.jpg	157336	1780131862
2013/norway/images/image35.jpg	35934	1780131907
2013/norway/images/image110.jpg	69913	1780131906
2016/thailand/images/image40.jpg	57533	1780131902
2013/norway/images/image27.jpg	64703	1780131907
2012/ireland/images/image81.jpg	40517	1780131908
2024/greece/images/image4.jpg	98351	1780131893
2019/france/images/image62.jpg	108727	1780131873
2024/cyprus/images/image33.jpg	95056	1780131890
2014/iceland/images/image108.jpg	31144	1780131866
2012/ireland/images/image5.jpg	25747	1780131909
2024/greece/images/image60.jpg	123763	1780131892
2015/georgia/images/image52.jpg	72907	1780131878
2022/iceland/iceland22_files/webpreview_htm_40973a85ed3a29d7.jpg	118908	1780131882
2022/iceland/iceland22_files/webpreview_htm_6485d22fa10705be.jpg	49025	1780131881
2014/iceland/images/image21.jpg	37867	1780131864
2012/ireland/images/image12.jpg	23161	1780131909
2022/iceland/iceland22_files/webpreview_htm_cb4efd7d5d0d4935.jpg	66119	1780131882
2022/iceland/iceland22_files/webpreview_htm_98f8df4cc2b94f49.jpg	73340	1780131881
2020/greece/images/image40.jpg	56242	1780131868
2024/czechia/images/image27.jpg	113004	1780131891
2014/iceland/images/image52.jpg	87837	1780131864
2012/praga/images/image23.jpg	140379	1780131911
2012/ireland/images/image29.jpg	25748	1780131908
2022/austria/austria22_files/webpreview_htm_f2da29d854b1531.jpg	141482	1780131884
2023/romania/images/image48.jpg	81323	1780131901
2023/holland/holland23_files/holland23_htm_59b2733629602d74.jpg	52764	1780131899
2023/romania/images/image15.jpg	68436	1780131900
2019/greece/images/image47.jpg	101436	1780131873
2014/iceland/images/image97.jpg	82946	1780131864
2018/austria/images/image21.jpg	17836	1780131887
2013/norway/images/image22.jpg	67380	1780131907
2016/thailand/images/image23.jpg	58419	1780131904
2023/holland/holland23_files/holland23_htm_e7592e11a4af8b0a.jpg	79444	1780131899
2023/romania/images/image13.jpg	175297	1780131900
2019/greece/images/image41.jpg	104581	1780131875
2020/greece/images/image78.jpg	81993	1780131869
2023/romania/images/image52.jpg	114430	1780131900
2022/iceland/iceland22_files/webpreview_htm_d69ac2e08735ee15.jpg	83289	1780131880
2019/greece/images/image80.jpg	103440	1780131874
2013/norway/images/image17.jpg	67972	1780131908
2016/thailand/images/image2.jpg	87411	1780131903
2022/austria/austria22_files/webpreview_htm_916f27333eaedc08.jpg	60139	1780131884
2014/iceland/images/image116.jpg	52467	1780131866
2015/georgia/images/image99.jpg	49769	1780131878
2019/greece/images/image12.jpg	75087	1780131873
2012/praga/images/image5.jpg	59191	1780131911
2018/montenegro/images/image39.jpg	54795	1780131889
2018/austria/images/image10.jpg	87628	1780131888
2014/iceland/images/image96.jpg	84429	1780131864
2014/iceland/images/image22.jpg	61844	1780131864
2013/norway/images/image11.jpg	25248	1780131906
2016/thailand/images/image4.jpg	76791	1780131904
2023/romania/images/image38.jpg	101139	1780131900
2019/greece/images/image26.jpg	83334	1780131875
2020/greece/images/image54.jpg	56338	1780131869
2014/iceland/images/image10.jpg	28965	1780131867
2014/iceland/images/image137.jpg	25831	1780131864
2022/austria/austria22_files/webpreview_htm_6dea00696c5802fb.jpg	65890	1780131883
2014/iceland/images/image150.jpg	172220	1780131865
2024/czechia/images/image16.jpg	91815	1780131891
2014/iceland/images/image81.jpg	32786	1780131862
2012/ireland/images/image14.jpg	53486	1780131910
2020/greece/images/image46.jpg	113965	1780131868
2014/iceland/images/image160.jpg	44662	1780131866
2018/montenegro/images/image21.jpg	40163	1780131889
2014/iceland/images/image193.jpg	69287	1780131863
2023/romania/images/image36.jpg	143900	1780131900
2024/greece/images/image33.jpg	89451	1780131893
2015/georgia/images/image85.jpg	67165	1780131879
2019/greece/images/image28.jpg	105073	1780131874
2023/romania/images/image39.jpg	251125	1780131900
2019/greece/images/image27.jpg	101899	1780131874
2022/iceland/iceland22_files/webpreview_htm_c7617efd80a5c560.jpg	84791	1780131882
2022/iceland/iceland22_files/webpreview_htm_3edf240f57182b88.jpg	70755	1780131880
2019/france/images/image33.jpg	39802	1780131871
2023/corfu/images/image15.jpg	122796	1780131901
2013/norway/images/image14.jpg	32226	1780131907
2016/thailand/images/image1.jpg	69983	1780131904
2016/thailand/images/image29.jpg	55071	1780131901
2013/norway/images/image26.jpg	34223	1780131908
2013/norway/images/image12.jpg	54785	1780131906
2016/thailand/images/image7.jpg	73294	1780131902
2012/ireland/images/image17.jpg	8244	1780131910
2022/iceland/iceland22_files/webpreview_htm_8fe1607fbc2b3296.jpg	39830	1780131881
2020/greece/images/image45.jpg	78954	1780131868
2024/cyprus/images/image27.jpg	124010	1780131890
2013/norway/images/image2.jpg	29605	1780131907
2024/greece/images/image18.jpg	119438	1780131893
2024/czechia/images/image63.jpg	76568	1780131891
2015/georgia/images/image45.jpg	46297	1780131877
2020/greece/images/image19.jpg	86639	1780131869
2016/thailand/images/image9.jpg	78054	1780131906
2016/thailand/images/image21.jpg	91910	1780131904
2019/france/images/image32.jpg	55230	1780131872
2024/greece/images/image55.jpg	86343	1780131893
2022/austria/austria22_files/webpreview_htm_60a7b868411a32cf.jpg	81603	1780131884
2015/georgia/images/image27.jpg	95586	1780131878
2013/norway/images/image15.jpg	47210	1780131906
2016/thailand/images/image28.jpg	89659	1780131903
2023/romania/images/image73.jpg	241480	1780131900
2024/czechia/images/image5.jpg	80076	1780131891
2018/montenegro/images/image61.jpg	99864	1780131889
2019/greece/images/image65.jpg	69999	1780131875
2015/georgia/images/image34.jpg	66590	1780131876
2013/norway/images/image99.jpg	42749	1780131907
2018/montenegro/images/image45.jpg	45257	1780131888
2024/greece/images/image17.jpg	199940	1780131894
2015/georgia/images/image65.jpg	123814	1780131879
2024/cyprus/images/image28.jpg	76371	1780131890
2022/austria/austria22_files/webpreview_htm_4192b8e17130a774.jpg	92027	1780131883
2014/iceland/images/image135.jpg	60133	1780131864
2014/iceland/images/image12.jpg	69216	1780131863
2018/austria/images/image15.jpg	88049	1780131886
2013/norway/images/image108.jpg	30713	1780131908
2016/thailand/images/image58.jpg	126442	1780131906
2018/austria/images/image36.jpg	64453	1780131886
2022/austria/images/image11.jpg	54308	1780131885
2022/austria/austria22_files/webpreview_htm_a60443e32e371d6e.jpg	70023	1780131885
2022/iceland/iceland22_files/webpreview_htm_33d2050c4ff1797a.jpg	110216	1780131881
2016/thailand/images/image97.jpg	118459	1780131903
2016/thailand/images/image119.jpg	42366	1780131903
2016/thailand/images/image81.jpg	44575	1780131901
2012/praga/images/image15.jpg	41568	1780131911
2017/greece/images/image34.jpg	107931	1780131896
2018/austria/images/image40.jpg	66912	1780131887
2022/austria/austria22_files/webpreview_htm_cf3d403d3fffa6ce.jpg	54308	1780131884
2023/corfu/images/image11.jpg	74720	1780131901
2017/lapland/images/image48.jpg	104453	1780131896
2023/romania/images/image12.jpg	156328	1780131900
2019/greece/images/image40.jpg	96617	1780131874
2020/greece/images/image79.jpg	149375	1780131868
2023/holland/holland23_files/holland23_htm_841f078ea8fdf815.jpg	199442	1780131899
2024/greece/images/image59.jpg	74243	1780131894
2022/iceland/iceland22_files/webpreview_htm_8b07774c7c614651.jpg	68938	1780131881
2024/czechia/images/image33.jpg	110487	1780131891
2014/iceland/images/image67.jpg	117069	1780131866
2015/georgia/images/image49.jpg	79319	1780131877
2020/greece/images/image15.jpg	63654	1780131868
2022/iceland/iceland22_files/webpreview_htm_5f96f201ae9c59f5.jpg	82598	1780131883
2022/iceland/iceland22_files/webpreview_htm_4f15954ce4d90b4c.jpg	44610	1780131880
2014/iceland/images/image102.jpg	86951	1780131865
2012/ireland/images/image42.jpg	36774	1780131909
2016/thailand/images/image39.jpg	42484	1780131904
2022/austria/austria22_files/webpreview_htm_b91f60fb8411dac.jpg	70132	1780131885
2022/iceland/iceland22_files/webpreview_htm_612ea2b47dde7f75.jpg	49204	1780131881
2020/greece/images/image94.jpg	30177	1780131870
2023/romania/images/image21.jpg	83783	1780131900
2019/greece/images/image33.jpg	99013	1780131874
2020/greece/images/image68.jpg	25835	1780131868
2018/montenegro/images/image74.jpg	82144	1780131889
2019/greece/images/image78.jpg	69436	1780131875
2013/norway/images/image94.jpg	55724	1780131908
2018/montenegro/images/image48.jpg	18582	1780131890
2022/austria/images/image5.jpg	274810	1780131886
2020/greece/images/image51.jpg	92872	1780131868
2014/iceland/images/image32.jpg	50328	1780131865
2014/iceland/images/image119.jpg	110133	1780131864
2022/austria/austria22_files/webpreview_htm_c419538903ea6e54.jpg	52607	1780131884
2019/france/images/image71.jpg	81491	1780131872
2019/greece/images/image58.jpg	85547	1780131876
2019/france/images/image68.jpg	53427	1780131871
2012/ireland/images/image71.jpg	52104	1780131910
2023/corfu/images/image4.jpg	79265	1780131901
2022/iceland/iceland22_files/webpreview_htm_b15bf5a44a57f0ad.jpg	32335	1780131880
2020/greece/images/image67.jpg	130661	1780131870
2022/iceland/iceland22_files/webpreview_htm_eca37bfc78cf2548.jpg	53238	1780131882
2015/georgia/images/image44.jpg	33431	1780131877
2020/greece/images/image18.jpg	120063	1780131869
2020/greece/images/image20.jpg	83935	1780131870
img/about-03.jpg	9969	1780131867
2012/praga/images/image11.jpg	60372	1780131911
2020/greece/images/image22.jpg	44038	1780131869
img/about-01.jpg	6673	1780131867
2013/norway/images/image44.jpg	35013	1780131906
2012/ireland/images/image1.jpg	33889	1780131910
2023/holland/holland23_files/holland23_htm_ff3b117a584a56c1.jpg	69337	1780131898
2024/greece/images/image64.jpg	174022	1780131893
2015/georgia/images/image56.jpg	76004	1780131878
2017/lapland/images/image31.jpg	13778	1780131894
2013/norway/images/image25.jpg	26939	1780131906
2022/iceland/iceland22_files/webpreview_htm_55d97c4ab7bdb171.jpg	63768	1780131880
2019/france/images/image69.jpg	79492	1780131872
2022/austria/austria22_files/webpreview_htm_892a8dea24677f23.jpg	76771	1780131883
2016/thailand/images/image114.jpg	42824	1780131903
2017/lapland/images/image64.jpg	60543	1780131894
2012/ireland/images/image62.jpg	66566	1780131910
2016/thailand/images/image15.jpg	180824	1780131902
2017/lapland/images/image2.jpg	40431	1780131895
2019/greece/images/image49.jpg	115162	1780131873
2020/greece/images/image70.jpg	53539	1780131869
2022/austria/austria22_files/webpreview_htm_56559a7ad6453220.jpg	326497	1780131884
2015/georgia/images/image29.jpg	50497	1780131876
2022/iceland/iceland22_files/webpreview_htm_31360b750672a186.jpg	53209	1780131880
2018/austria/images/image72.jpg	65565	1780131887
2022/austria/austria22_files/webpreview_htm_3356ad94f9f99083.jpg	58593	1780131884
2019/greece/images/image4.jpg	98325	1780131874
img/zinaAboutPhoto.jpg	26288	1780131867
2013/norway/images/image82.jpg	20530	1780131907
2017/greece/images/image43.jpg	44257	1780131897
2023/corfu/images/image9.jpg	95223	1780131901
2023/romania/images/image23.jpg	63239	1780131900
2022/iceland/iceland22_files/webpreview_htm_920076282a4fbe3.jpg	78179	1780131882
2019/greece/images/image31.jpg	52238	1780131873
2023/romania/images/image59.jpg	147083	1780131901
2022/austria/austria22_files/webpreview_htm_1ef1ebc1cc1aaa83.jpg	72510	1780131884
2015/georgia/images/image28.jpg	86135	1780131877
2012/ireland/images/image27.jpg	54773	1780131909
2020/greece/images/image35.jpg	25112	1780131868
2019/france/images/image29.jpg	67431	1780131870
2014/iceland/images/image45.jpg	33819	1780131863
2014/iceland/images/image140.jpg	75730	1780131863
2018/montenegro/images/image51.jpg	28054	1780131888
2018/austria/images/image20.jpg	45754	1780131888
2018/montenegro/images/image22.jpg	62645	1780131889
2018/austria/images/image69.jpg	40711	1780131887
2014/iceland/images/image190.jpg	29409	1780131863
2013/norway/images/image40.jpg	53852	1780131906
2017/lapland/images/image14.jpg	74773	1780131895
2019/france/images/image74.jpg	58052	1780131871
2014/iceland/images/image98.jpg	69201	1780131866
2022/austria/austria22_files/webpreview_htm_855f280a40ccd0db.jpg	62847	1780131885
2015/georgia/images/image58.jpg	63631	1780131879
2012/ireland/images/image105.jpg	25261	1780131909
2014/iceland/images/image70.jpg	41423	1780131864
2012/ireland/images/image117.jpg	66880	1780131909
2024/greece/images/image42.jpg	92529	1780131893
2018/montenegro/images/image71.jpg	64355	1780131889
2020/greece/images/image25.jpg	66413	1780131868
img/about-06.jpg	29982	1780131867
2013/norway/images/image70.jpg	51963	1780131907
2017/greece/images/image13.jpg	43327	1780131897
2018/austria/images/image67.jpg	61735	1780131888
2022/austria/images/image22.jpg	52607	1780131886
2012/ireland/images/image60.jpg	28881	1780131908
2016/thailand/images/image17.jpg	36889	1780131905
2023/romania/images/image19.jpg	83569	1780131900
2020/greece/images/image72.jpg	49316	1780131869
2014/iceland/images/image151.jpg	3984	1780131865
2023/holland/holland23_files/holland23_htm_46c25d870860bc02.jpg	109980	1780131898
2017/greece/images/image24.jpg	55930	1780131896
2018/austria/images/image50.jpg	55947	1780131888
2015/georgia/images/image100.jpg	57514	1780131876
2022/austria/austria22_files/webpreview_htm_2cfc0b05c3720b31.jpg	33347	1780131884
2012/ireland/images/image112.jpg	17048	1780131910
2024/greece/images/image47.jpg	104161	1780131892
2015/georgia/images/image39.jpg	40786	1780131878
2024/cyprus/images/image29.jpg	48670	1780131890
2014/iceland/images/image13.jpg	56267	1780131864
2014/iceland/images/image134.jpg	128487	1780131863
2017/lapland/images/image34.jpg	38540	1780131894
2014/iceland/images/image129.jpg	27474	1780131867
2024/cyprus/images/image20.jpg	117777	1780131891
2022/iceland/iceland22_files/webpreview_htm_b6f635bd2a9acc57.jpg	57566	1780131880
2015/georgia/images/image41.jpg	102119	1780131879
2018/austria/images/image24.jpg	102286	1780131886
2020/greece/images/image105.jpg	105687	1780131868
2012/ireland/images/image9.jpg	25330	1780131910
2024/cyprus/images/image26.jpg	72631	1780131891
2022/iceland/iceland22_files/webpreview_htm_25d542023a71777.jpg	37718	1780131880
2015/georgia/images/image30.jpg	40714	1780131876
2012/praga/images/image28.jpg	69508	1780131911
2012/ireland/images/image22.jpg	44724	1780131909
2020/greece/images/image30.jpg	91569	1780131867
2024/greece/images/image39.jpg	121733	1780131893
2019/greece/images/image22.jpg	106270	1780131874
2016/thailand/images/image26.jpg	155890	1780131906
2022/austria/austria22_files/webpreview_htm_262ae7a0dc34a57a.jpg	113862	1780131885
2012/ireland/images/image57.jpg	6278	1780131909
2019/greece/images/image52.jpg	185422	1780131874
2020/greece/images/image85.jpg	74507	1780131870
2012/ireland/images/image45.jpg	60924	1780131909
2013/norway/images/image69.jpg	44287	1780131907
2022/iceland/iceland22_files/webpreview_htm_211b49b4dd43316c.jpg	110296	1780131882
2020/greece/images/image93.jpg	126422	1780131868
2017/lapland/images/image11.jpg	36484	1780131894
2013/norway/images/image23.jpg	38756	1780131907
2019/france/images/image48.jpg	3984	1780131872
2018/montenegro/images/image18.jpg	71778	1780131890
2018/montenegro/images/image42.jpg	54407	1780131889
2013/norway/images/image8.jpg	30887	1780131907
2024/greece/images/image12.jpg	122219	1780131893
2024/czechia/images/image69.jpg	98680	1780131892
2015/georgia/images/image60.jpg	144243	1780131876
2024/cyprus/images/image23.jpg	146911	1780131890
2014/iceland/images/image19.jpg	165400	1780131864
2012/ireland/images/image116.jpg	49490	1780131910
2024/greece/images/image43.jpg	83312	1780131893
2024/cyprus/images/image25.jpg	80879	1780131890
2014/iceland/images/image138.jpg	50030	1780131866
2012/praga/images/image25.jpg	50445	1780131911
2013/norway/images/image103.jpg	50388	1780131906
2016/thailand/images/image53.jpg	44479	1780131904
2012/praga/images/image3.jpg	61731	1780131911
2018/austria/images/image16.jpg	56882	1780131886
2022/iceland/iceland22_files/webpreview_htm_a94124ddbc583e37.jpg	46312	1780131879
2014/iceland/images/image189.jpg	62564	1780131863
2014/iceland/images/image136.jpg	47188	1780131863
2014/iceland/images/image11.jpg	27065	1780131863
2018/montenegro/images/image43.jpg	18125	1780131890
2013/norway/images/image45.jpg	29622	1780131906
2024/cyprus/images/image22.jpg	76211	1780131890
2022/austria/austria22_files/webpreview_htm_7ed171fc5ea18c67.jpg	167935	1780131885
2014/iceland/images/image18.jpg	52452	1780131866
2023/holland/holland23_files/holland23_htm_59a61a44f46cd882.jpg	85479	1780131899
2024/greece/images/image57.jpg	66837	1780131893
2022/austria/austria22_files/webpreview_htm_c2542d2847e62652.jpg	48925	1780131884
2015/georgia/images/image25.jpg	63696	1780131876
2016/thailand/images/image121.jpg	37418	1780131904
2017/lapland/images/image51.jpg	37778	1780131894
2020/greece/images/image7.jpg	81684	1780131867
2017/greece/images/image35.jpg	47080	1780131897
2018/austria/images/image41.jpg	37933	1780131888
2016/thailand/images/image105.jpg	50416	1780131902
2023/holland/holland23_files/holland23_htm_3ca01a83161de306.jpg	144706	1780131898
2018/austria/images/image32.jpg	78916	1780131888
2022/austria/images/image15.jpg	24911	1780131885
2012/ireland/images/image20.jpg	42624	1780131910
2020/greece/images/image32.jpg	43817	1780131869
2023/romania/images/image61.jpg	93733	1780131900
2022/iceland/iceland22_files/webpreview_htm_81b1e7b5933d6bf3.jpg	72447	1780131882
2019/greece/images/image73.jpg	69090	1780131875
2023/holland/holland23_files/holland23_htm_95d76bd8df8843a2.jpg	30530	1780131899
2022/iceland/iceland22_files/webpreview_htm_6805163940eb7963.jpg	52307	1780131881
2019/france/images/image38.jpg	47286	1780131872
2020/greece/images/image100.jpg	17926	1780131867
2024/cyprus/images/image12.jpg	55988	1780131890
2018/austria/images/image1.jpg	55828	1780131887
2015/georgia/images/image14.jpg	42308	1780131878
img/gallery/04.jpg	18824	1780131867
2014/iceland/images/image68.jpg	52019	1780131863
2014/iceland/images/image162.jpg	46827	1780131864
2019/france/images/image5.jpg	92294	1780131871
2024/czechia/images/image28.jpg	97202	1780131891
2014/iceland/images/image172.jpg	67434	1780131865
2012/ireland/images/image87.jpg	57321	1780131909
2024/greece/images/image2.jpg	94132	1780131893
2019/france/images/image64.jpg	71774	1780131871
2024/greece/images/image16.jpg	162732	1780131892
2015/georgia/images/image64.jpg	71842	1780131877
2023/romania/images/image60.jpg	66924	1780131900
2019/greece/images/image72.jpg	66673	1780131874
2013/norway/images/image49.jpg	26135	1780131906
2019/greece/images/image2.jpg	44716	1780131874
2012/ireland/images/image48.jpg	26689	1780131910
2013/norway/images/image64.jpg	53996	1780131906
2016/thailand/images/image33.jpg	47510	1780131902
2020/greece/images/image88.jpg	83137	1780131870
2012/ireland/images/image15.jpg	26722	1780131909
2023/holland/holland23_files/holland23_htm_5c0e1bd9bec187a9.jpg	45261	1780131899
2022/iceland/iceland22_files/webpreview_htm_8abaecb24633724e.jpg	80239	1780131880
2020/greece/images/image47.jpg	183189	1780131868
2018/montenegro/images/image33.jpg	91617	1780131889
2014/iceland/images/image185.jpg	125368	1780131863
2012/ireland/images/image31.jpg	28466	1780131909
2014/iceland/images/image37.jpg	50219	1780131867
2022/austria/austria22_files/webpreview_htm_82cd9ced5179e298.jpg	28560	1780131885
2022/austria/austria22_files/webpreview_htm_1f86fc19db7b867.jpg	121173	1780131883
2014/iceland/images/image104.jpg	34537	1780131863
2023/romania/images/image6.jpg	178769	1780131900
2023/holland/holland23_files/holland23_htm_b5f6a727c9587a6.jpg	51577	1780131898
2017/lapland/images/image44.jpg	112984	1780131894
2016/thailand/images/image90.jpg	32696	1780131905
2016/thailand/images/image108.jpg	39564	1780131905
2023/holland/holland23_files/holland23_htm_f74e2294e9cb9870.jpg	77587	1780131899
2024/czechia/images/image41.jpg	60995	1780131892
2022/austria/austria22_files/webpreview_htm_80092935e2d29648.jpg	75062	1780131885
2020/greece/images/image12.jpg	79428	1780131868
2023/romania/images/image56.jpg	41587	1780131900
2023/holland/images/image00.jpg	65254	1780131899
2014/iceland/images/image34.jpg	56717	1780131862
2023/romania/images/image65.jpg	206424	1780131901
2022/iceland/iceland22_files/webpreview_htm_d802c0450f33b971.jpg	58614	1780131882
2019/greece/images/image77.jpg	46248	1780131875
2018/montenegro/images/image81.jpg	56490	1780131888
2015/georgia/images/image4.jpg	51633	1780131878
2013/norway/images/image61.jpg	38526	1780131907
2016/thailand/images/image36.jpg	62309	1780131902
2012/praga/images/image2.jpg	110297	1780131911
2018/austria/images/image17.jpg	71934	1780131888
2022/iceland/iceland22_files/webpreview_htm_fc84c74ca54361c3.jpg	42123	1780131879
2014/iceland/images/image188.jpg	44267	1780131865
2019/france/images/image1.jpg	70282	1780131872
2022/austria/austria22_files/webpreview_htm_49228c7958e1c8de.jpg	77464	1780131884
2022/austria/images/image9.jpg	257624	1780131886
2022/iceland/iceland22_files/webpreview_htm_6f2744222c238579.jpg	56073	1780131882
2013/norway/images/image74.jpg	20892	1780131907
2017/greece/images/image17.jpg	50934	1780131898
2018/montenegro/images/image28.jpg	93996	1780131889
2018/austria/images/image63.jpg	44704	1780131886
2024/greece/images/image27.jpg	261163	1780131893
2024/czechia/images/image72.jpg	88530	1780131891
2015/georgia/images/image95.jpg	71915	1780131878
2012/ireland/images/image115.jpg	36920	1780131910
2024/greece/images/image40.jpg	126690	1780131893
2022/austria/austria22_files/webpreview_htm_f6c45b6076567f79.jpg	73131	1780131883
2023/romania/images/image64.jpg	69282	1780131900
2019/greece/images/image76.jpg	169289	1780131875
2019/france/images/image45.jpg	86623	1780131871
2023/romania/images/image41.jpg	82708	1780131901
2018/montenegro/images/image13.jpg	58590	1780131889
2014/iceland/images/image93.jpg	74724	1780131864
2014/iceland/images/image25.jpg	71722	1780131863
2013/norway/images/image84.jpg	31736	1780131908
2023/holland/holland23_files/holland23_htm_9541b679ce6fb727.jpg	53458	1780131898
2017/greece/images/image45.jpg	50696	1780131896
2018/montenegro/images/image58.jpg	72422	1780131890
2022/iceland/iceland22_files/webpreview_htm_947d1dc79c3bea73.jpg	55922	1780131880
2024/czechia/images/image44.jpg	174744	1780131891
2022/iceland/iceland22_files/webpreview_htm_ea71a5967b0688a2.jpg	43238	1780131882
2022/austria/images/image2.jpg	120244	1780131885
2012/ireland/images/image4.jpg	41616	1780131909
2024/greece/images/image61.jpg	78259	1780131893
2015/georgia/images/image53.jpg	30916	1780131878
2019/france/images/image77.jpg	86576	1780131872
2016/thailand/images/image86.jpg	67561	1780131905
2015/georgia/images/image9.jpg	27847	1780131879
2014/iceland/images/image122.jpg	45213	1780131866
2012/ireland/images/image98.jpg	35872	1780131910
2019/france/images/image59.jpg	50223	1780131872
2019/greece/images/image1.jpg	87890	1780131875
2023/holland/holland23_files/holland23_htm_83d85fcc528ba224.jpg	111531	1780131898
2012/ireland/images/image73.jpg	36477	1780131910
2023/corfu/images/image6.jpg	78518	1780131901
2020/greece/images/image65.jpg	56003	1780131870
2016/thailand/images/image111.jpg	42940	1780131904
2016/thailand/images/image89.jpg	47513	1780131902
2017/lapland/images/image61.jpg	67172	1780131895
2017/lapland/images/image12.jpg	50472	1780131894
2024/czechia/images/image53.jpg	105438	1780131891
2018/montenegro/images/image2.jpg	56433	1780131889
2022/iceland/iceland22_files/webpreview_htm_3396c55447dd7591.jpg	37904	1780131882
2023/romania/images/image53.jpg	61445	1780131900
2022/iceland/iceland22_files/webpreview_htm_2f3892fdd6165251.jpg	46796	1780131880
2017/greece/images/image19.jpg	46788	1780131897
2018/montenegro/images/image26.jpg	59344	1780131890
2014/iceland/images/image194.jpg	27902	1780131864
2020/greece/images/image50.jpg	84148	1780131870
2013/norway/images/image52.jpg	56407	1780131907
2018/austria/images/image49.jpg	44527	1780131886
2024/czechia/images/image14.jpg	228901	1780131892
2014/iceland/images/image83.jpg	30414	1780131863
2023/corfu/images/image18.jpg	106088	1780131901
2023/romania/images/image3.jpg	272323	1780131901
2017/lapland/images/image41.jpg	56571	1780131896
2018/montenegro/images/image23.jpg	74613	1780131890
2018/austria/images/image68.jpg	49366	1780131887
2014/iceland/images/image191.jpg	35878	1780131867
2012/ireland/images/image85.jpg	37639	1780131910
2019/france/images/image66.jpg	197763	1780131871
2014/iceland/images/image27.jpg	50590	1780131864
2012/ireland/images/image94.jpg	54376	1780131910
2022/austria/austria22_files/webpreview_htm_d8e67d0f3c11165a.jpg	55854	1780131884
2019/france/images/image55.jpg	51787	1780131872
2024/greece/images/image38.jpg	69154	1780131893
2019/greece/images/image23.jpg	27933	1780131875
2024/greece/images/image65.jpg	72902	1780131894
2022/austria/austria22_files/webpreview_htm_348e28c0f29ab3d4.jpg	51695	1780131883
2022/iceland/iceland22_files/webpreview_htm_e131619ecd322b9.jpg	84265	1780131882
2015/georgia/images/image57.jpg	76218	1780131876
2024/cyprus/images/image5.jpg	137143	1780131890
2022/iceland/iceland22_files/webpreview_htm_f438f012c6cd09b4.jpg	52518	1780131880
2014/iceland/images/image127.jpg	46504	1780131863
2023/romania/images/image44.jpg	108211	1780131900
2018/montenegro/images/image16.jpg	73164	1780131888
2017/greece/images/image20.jpg	42833	1780131898
2018/austria/images/image54.jpg	53440	1780131887
2022/austria/austria22_files/webpreview_htm_bdc00f49a5c8cb50.jpg	203002	1780131884
2022/iceland/iceland22_files/webpreview_htm_502fc783ff7d46e1.jpg	97538	1780131880
2015/georgia/images/image104.jpg	58352	1780131876
2013/norway/images/image57.jpg	53466	1780131906
2017/greece/images/image38.jpg	79522	1780131897
2012/ireland/images/image21.jpg	44878	1780131909
2020/greece/images/image33.jpg	155065	1780131868
2012/ireland/images/image6.jpg	51233	1780131909
2024/greece/images/image63.jpg	108919	1780131893
2022/iceland/iceland22_files/webpreview_htm_e86dd599cfd57e1a.jpg	94306	1780131879
2015/georgia/images/image51.jpg	71344	1780131877
2024/greece/images/image22.jpg	88833	1780131893
2024/czechia/images/image77.jpg	37306	1780131892
2015/georgia/images/image90.jpg	95968	1780131879
2012/praga/images/image22.jpg	50429	1780131911
2012/ireland/images/image28.jpg	38414	1780131909
2012/praga/images/image7.jpg	143697	1780131911
2018/austria/images/image12.jpg	33034	1780131887
2013/norway/images/image90.jpg	42513	1780131908
2022/austria/austria22_files/webpreview_htm_4dfb5c1bcfcf0d11.jpg	128767	1780131883
2024/cyprus/images/image4.jpg	179999	1780131890
2014/iceland/images/image126.jpg	101243	1780131867
2018/montenegro/images/image20.jpg	73766	1780131890
2014/iceland/images/image192.jpg	51702	1780131866
2012/praga/images/image24.jpg	54186	1780131911
2024/greece/images/image48.jpg	73435	1780131893
2015/georgia/images/image36.jpg	60321	1780131876
2019/france/images/image76.jpg	69507	1780131872
2017/greece/images/image31.jpg	71408	1780131896
2018/austria/images/image45.jpg	50287	1780131887
2013/norway/images/image29.jpg	37142	1780131906
2022/iceland/iceland22_files/webpreview_htm_2fcca384f00c7131.jpg	46966	1780131882
img/logo1.jpeg	21199	1780131867
2014/iceland/images/image131.jpg	34155	1780131866
2014/iceland/images/image16.jpg	35092	1780131862
2012/ireland/images/image83.jpg	25007	1780131909
2024/greece/images/image6.jpg	120224	1780131893
2022/austria/austria22_files/webpreview_htm_33b9ba138510a12a.jpg	196101	1780131885
2019/france/images/image60.jpg	87512	1780131870
2014/iceland/images/image115.jpg	59928	1780131867
2014/iceland/images/image103.jpg	83807	1780131862
2024/czechia/images/image56.jpg	128614	1780131892
2018/montenegro/images/image7.jpg	53309	1780131888
2012/ireland/images/image113.jpg	41965	1780131909
2024/greece/images/image46.jpg	36620	1780131893
2015/georgia/images/image38.jpg	57552	1780131878
2024/greece/images/image49.jpg	88630	1780131893
2022/iceland/iceland22_files/webpreview_htm_e6a3701bf38581e1.jpg	73348	1780131880
2015/georgia/images/image37.jpg	28844	1780131879
2013/norway/images/image83.jpg	43836	1780131906
2017/greece/images/image42.jpg	78259	1780131897
2022/iceland/iceland22_files/webpreview_htm_b138199faa1baca6.jpg	38270	1780131881
2023/corfu/images/image31.jpg	66571	1780131901
2017/lapland/images/image28.jpg	198720	1780131895
2014/iceland/images/image153.jpg	42007	1780131866
2016/thailand/images/image102.jpg	77706	1780131904
2022/iceland/iceland22_files/webpreview_htm_c9633fdc3e8a6995.jpg	110059	1780131881
2013/norway/images/image109.jpg	36591	1780131908
2016/thailand/images/image59.jpg	74872	1780131905
2023/holland/holland23_files/holland23_htm_fdd398bedcc6a047.jpg	101548	1780131898
2018/austria/images/image37.jpg	80339	1780131888
2022/austria/images/image10.jpg	47847	1780131886
2012/praga/images/image21.jpg	124090	1780131911
2020/greece/images/image39.jpg	48631	1780131869
2013/norway/images/image53.jpg	28498	1780131907
2018/austria/images/image48.jpg	66883	1780131888
2012/praga/images/image27.jpg	132067	1780131911
2023/holland/holland23_files/holland23_htm_2133403a439be154.jpg	65254	1780131899
2022/iceland/iceland22_files/webpreview_htm_bc7d9e70eef2b1a.jpg	95215	1780131879
2012/ireland/images/image80.jpg	20584	1780131909
2024/greece/images/image5.jpg	188573	1780131893
2022/iceland/iceland22_files/webpreview_htm_bb646d66e6d73a04.jpg	38918	1780131882
2019/france/images/image63.jpg	64259	1780131871
2014/iceland/images/image6.jpg	33354	1780131864
2024/cyprus/images/image19.jpg	66537	1780131890
2014/iceland/images/image63.jpg	50517	1780131863
2023/romania/images/image40.jpg	104102	1780131900
2018/montenegro/images/image12.jpg	218292	1780131889
2012/ireland/images/image23.jpg	27107	1780131910
2022/iceland/iceland22_files/webpreview_htm_b6d2945e6f873187.jpg	70591	1780131881
2020/greece/images/image31.jpg	108948	1780131868
2016/thailand/images/image103.jpg	50726	1780131902
2022/austria/images/image8.jpg	86355	1780131886
2012/praga/images/image20.jpg	69790	1780131911
2020/greece/images/image38.jpg	29584	1780131869
2013/norway/images/image47.jpg	30709	1780131906
2015/georgia/images/image75.jpg	52820	1780131878
2014/iceland/images/image89.jpg	41944	1780131862
2024/czechia/images/image36.jpg	78313	1780131891
2014/iceland/images/image168.jpg	45431	1780131863
2024/cyprus/images/image16.jpg	91140	1780131890
2018/austria/images/image5.jpg	95145	1780131887
2015/georgia/images/image10.jpg	124019	1780131879
2014/iceland/images/image9.jpg	68841	1780131867
2023/corfu/images/image16.jpg	31340	1780131901
2022/austria/austria22_files/webpreview_htm_8f3f5c33483331.jpg	77471	1780131884
2013/norway/images/image95.jpg	36778	1780131907
2018/montenegro/images/image49.jpg	62140	1780131888
2017/greece/images/image55.jpg	46462	1780131897
2020/greece/images/image48.jpg	154616	1780131870
2012/ireland/images/image55.jpg	48300	1780131910
2019/greece/images/image50.jpg	76186	1780131876
2020/greece/images/image87.jpg	62776	1780131869
2012/ireland/images/image47.jpg	51075	1780131909
2020/greece/images/image91.jpg	158125	1780131870
2023/corfu/images/image24.jpg	133023	1780131901
2019/france/images/image23.jpg	77372	1780131872
2016/thailand/images/image18.jpg	85367	1780131905
2023/romania/images/image16.jpg	203375	1780131900
2019/greece/images/image44.jpg	70741	1780131873
2023/romania/images/image69.jpg	56570	1780131900
2018/montenegro/images/image77.jpg	97466	1780131889
2022/iceland/iceland22_files/webpreview_htm_c6f60dd996fbfebc.jpg	60501	1780131879
2018/austria/images/image33.jpg	90415	1780131887
2022/austria/images/image14.jpg	60139	1780131886
2012/ireland/images/image7.jpg	51585	1780131908
2024/greece/images/image62.jpg	81112	1780131894
2015/georgia/images/image50.jpg	69458	1780131879
2023/corfu/images/image17.jpg	37123	1780131901
2022/austria/images/image4.jpg	58630	1780131886
2024/cyprus/images/image35.jpg	200302	1780131890
2022/austria/austria22_files/webpreview_htm_3564d5a3fc612f8c.jpg	45644	1780131885
2022/iceland/iceland22_files/webpreview_htm_30adc4b2defff2a7.jpg	55246	1780131883
2014/iceland/images/image118.jpg	35579	1780131864
2014/iceland/images/image33.jpg	61819	1780131863
2022/iceland/iceland22_files/webpreview_htm_2e12d56b9ac02bd0.jpg	50606	1780131880
2019/france/images/image37.jpg	84388	1780131872
2022/iceland/iceland22_files/webpreview_htm_51e1e974193acf53.jpg	70565	1780131879
2023/holland/holland23_files/holland23_htm_b08a2528f54d7f33.jpg	181540	1780131899
2020/greece/images/image17.jpg	21708	1780131870
2012/ireland/images/image37.jpg	29450	1780131910
2020/greece/images/image29.jpg	111365	1780131867
2024/greece/images/image51.jpg	77027	1780131893
2015/georgia/images/image23.jpg	42564	1780131878
2024/czechia/images/image61.jpg	87159	1780131891
2015/georgia/images/image68.jpg	157865	1780131877
2022/iceland/iceland22_files/webpreview_htm_53c07513106f096b.jpg	44798	1780131881
2014/iceland/images/image165.jpg	43044	1780131864
2013/norway/images/image121.jpg	46498	1780131907
2016/thailand/images/image71.jpg	44287	1780131904
2022/iceland/iceland22_files/webpreview_htm_9181a47b90f3d971.jpg	93274	1780131880
2019/france/images/image73.jpg	96212	1780131872
2012/praga/images/image8.jpg	60837	1780131911
2018/montenegro/images/image34.jpg	55188	1780131888
2014/iceland/images/image182.jpg	33501	1780131866
2017/lapland/images/image30.jpg	28545	1780131894
2015/georgia/images/image48.jpg	68555	1780131879
2020/greece/images/image14.jpg	94804	1780131869
2023/corfu/images/image12.jpg	108461	1780131901
2023/romania/images/image9.jpg	113514	1780131901
2024/cyprus/images/image30.jpg	74314	1780131890
2022/iceland/iceland22_files/webpreview_htm_8ea01df2f27c2aac.jpg	42897	1780131881
2020/greece/images/image102.jpg	44554	1780131869
2019/france/images/image42.jpg	42227	1780131871
2023/corfu/images/image20.jpg	64965	1780131901
2022/austria/austria22_files/webpreview_htm_f1807da381591c69.jpg	76113	1780131885
2022/austria/austria22_files/webpreview_htm_3b90787b4ccbbc49.jpg	274810	1780131883
2022/iceland/iceland22_files/webpreview_htm_4a94a160a319ac28.jpg	61364	1780131881
2019/france/images/image27.jpg	121633	1780131871
2019/france/images/image40.jpg	62491	1780131871
2012/praga/images/image17.jpg	39732	1780131911
2017/lapland/images/image18.jpg	99896	1780131895
2013/norway/images/image37.jpg	59850	1780131908
2013/norway/images/image112.jpg	38963	1780131908
2016/thailand/images/image42.jpg	130984	1780131903
2018/austria/images/image28.jpg	48556	1780131887
2013/norway/images/image50.jpg	33092	1780131908
2022/iceland/iceland22_files/webpreview_htm_ca495db4049382c0.jpg	37426	1780131879
2023/corfu/images/image13.jpg	55369	1780131901
2023/romania/images/image8.jpg	126544	1780131900
2013/norway/images/image81.jpg	45107	1780131906
2017/greece/images/image40.jpg	51712	1780131897
2018/montenegro/images/image52.jpg	69350	1780131889
2017/lapland/images/image23.jpg	46178	1780131895
2019/france/images/image17.jpg	46796	1780131872
img/simple-house-01.jpg	44458	1780131867
2014/iceland/images/image158.jpg	32050	1780131865
2013/norway/images/image66.jpg	33257	1780131907
2016/thailand/images/image31.jpg	57615	1780131902
2022/austria/austria22_files/webpreview_htm_b61d6bb432a0c101.jpg	91142	1780131884
2023/romania/images/image58.jpg	42301	1780131901
2022/iceland/iceland22_files/webpreview_htm_1c18f45dda1aff93.jpg	100868	1780131882
2022/iceland/iceland22_files/webpreview_htm_de1a0a98244509db.jpg	50913	1780131879
2015/georgia/images/image59.jpg	87678	1780131879
2022/austria/images/image6.jpg	75062	1780131885
2016/thailand/images/image118.jpg	58154	1780131903
2016/thailand/images/image80.jpg	104665	1780131903
2013/norway/images/image124.jpg	53975	1780131906
2016/thailand/images/image74.jpg	49898	1780131903
2022/iceland/iceland22_files/webpreview_htm_bcdb8f0f771cedcf.jpg	76696	1780131883
2024/czechia/images/image46.jpg	123613	1780131891
2013/norway/images/image71.jpg	47069	1780131907
2017/greece/images/image12.jpg	93392	1780131897
2018/austria/images/image66.jpg	103265	1780131887
2022/austria/images/image23.jpg	71844	1780131886
2023/romania/images/image50.jpg	164117	1780131901
2022/iceland/iceland22_files/webpreview_htm_29cf5c597f00a5bd.jpg	60701	1780131881
2024/greece/images/image53.jpg	117668	1780131893
2015/georgia/images/image21.jpg	81265	1780131878
2024/greece/images/image29.jpg	138043	1780131892
2019/greece/images/image10.jpg	78319	1780131876
2023/holland/holland23_files/holland23_htm_c08ef460e4a90b41.jpg	194766	1780131899
2018/montenegro/images/image68.jpg	46200	1780131889
2022/austria/images/image7.jpg	30160	1780131885
2018/montenegro/images/image83.jpg	62767	1780131888
2022/austria/austria22_files/webpreview_htm_e3a45374a29ff602.jpg	57481	1780131884
2022/austria/austria22_files/webpreview_htm_1698c64fdf76e8d9.jpg	62274	1780131884
2015/georgia/images/image6.jpg	69795	1780131877
2017/greece/images/image21.jpg	56602	1780131897
2018/austria/images/image55.jpg	46400	1780131888
2015/georgia/images/image105.jpg	116204	1780131877
2024/czechia/images/image55.jpg	68524	1780131892
2018/montenegro/images/image4.jpg	36173	1780131889
2012/praga/images/image13.jpg	66090	1780131911
2024/czechia/images/image49.jpg	121498	1780131891
2013/norway/images/image133.jpg	24742	1780131908
2016/thailand/images/image63.jpg	89313	1780131902
2017/lapland/images/image35.jpg	49568	1780131895
2014/iceland/images/image128.jpg	55730	1780131866
2017/lapland/images/image16.jpg	7051	1780131894
2022/austria/austria22_files/webpreview_htm_6b9ab924a58e2103.jpg	120299	1780131884
2013/norway/images/image19.jpg	36892	1780131907
2016/thailand/images/image24.jpg	72516	1780131902
2013/norway/images/image5.jpg	29450	1780131907
2024/czechia/images/image64.jpg	117842	1780131891
2022/iceland/iceland22_files/webpreview_htm_fba839df7961f17d.jpg	57693	1780131881
2019/france/images/image47.jpg	53226	1780131871
2017/lapland/images/image13.jpg	20714	1780131895
2018/montenegro/images/image75.jpg	29929	1780131890
2019/greece/images/image79.jpg	106668	1780131873
2023/romania/images/image76.jpg	75883	1780131901
2018/montenegro/images/image64.jpg	81529	1780131889
2019/greece/images/image60.jpg	57475	1780131873
2013/norway/images/image28.jpg	53668	1780131907
2014/iceland/images/image91.jpg	51438	1780131866
2013/norway/images/image75.jpg	32249	1780131908
2017/greece/images/image16.jpg	95205	1780131896
2018/montenegro/images/image29.jpg	89120	1780131888
2018/austria/images/image62.jpg	83212	1780131888
2019/greece/images/image15.jpg	75891	1780131873
2017/lapland/images/image26.jpg	27298	1780131896
2019/france/images/image12.jpg	60058	1780131871
2014/iceland/images/image8.jpg	39809	1780131864
2013/norway/images/image73.jpg	43157	1780131907
2017/greece/images/image10.jpg	73479	1780131898
2018/austria/images/image64.jpg	36166	1780131887
2022/austria/images/image21.jpg	62847	1780131886
2022/iceland/iceland22_files/webpreview_htm_98c5245200f5c480.jpg	72197	1780131882
2013/norway/images/image32.jpg	40454	1780131908
2013/norway/images/image117.jpg	61006	1780131906
2016/thailand/images/image47.jpg	93674	1780131902
2023/holland/holland23_files/holland23_htm_a23af66ee7d8249c.jpg	80101	1780131899
2022/iceland/iceland22_files/webpreview_htm_3dbd5a35090c87e8.jpg	86623	1780131880
2014/iceland/images/image1.jpg	59896	1780131865
img/img-01.jpg	9922	1780131867
2017/greece/images/image25.jpg	70981	1780131896
2018/austria/images/image51.jpg	61583	1780131886
2022/iceland/iceland22_files/webpreview_htm_6438f640b5dd2277.jpg	60220	1780131882
2015/georgia/images/image101.jpg	119566	1780131876
2016/thailand/images/image94.jpg	42976	1780131905
2024/czechia/images/image78.jpg	93242	1780131892
2019/greece/images/image14.jpg	106799	1780131875
2017/lapland/images/image10.jpg	32356	1780131896
2014/iceland/images/image7.jpg	59400	1780131862
2013/norway/images/image58.jpg	28551	1780131908
2017/greece/images/image37.jpg	58439	1780131898
2018/austria/images/image43.jpg	44242	1780131888
2023/romania/images/image51.jpg	68730	1780131900
2022/iceland/iceland22_files/webpreview_htm_eedbb108aacc6c9.jpg	82432	1780131882
2015/georgia/images/image32.jpg	56868	1780131878
2012/ireland/images/image24.jpg	40006	1780131908
2023/holland/holland23_files/holland23_htm_85ad1a32aa30ebb0.jpg	120807	1780131899
2022/austria/austria22_files/webpreview_htm_e2fce04158bd52ee.jpg	77690	1780131884
2020/greece/images/image36.jpg	185843	1780131868
2018/montenegro/images/image73.jpg	45658	1780131889
2015/georgia/images/image42.jpg	57802	1780131877
2012/ireland/images/image30.jpg	34296	1780131908
2016/thailand/images/image66.jpg	106136	1780131903
2013/norway/images/image56.jpg	39812	1780131907
2017/greece/images/image39.jpg	53998	1780131897
2013/norway/images/image59.jpg	37198	1780131908
2017/greece/images/image36.jpg	47383	1780131896
2018/austria/images/image42.jpg	80835	1780131887
2016/thailand/images/image87.jpg	64284	1780131903
2022/austria/austria22_files/webpreview_htm_561d3d92a3ead47f.jpg	62836	1780131885
2017/greece/images/image9.jpg	50978	1780131898
2019/greece/images/image21.jpg	78579	1780131874
2024/czechia/images/image31.jpg	125500	1780131891
2024/cyprus/images/image13.jpg	63844	1780131890
2015/georgia/images/image15.jpg	36495	1780131876
img/gallery/05.jpg	21699	1780131867
2014/iceland/images/image69.jpg	32859	1780131865
2014/iceland/images/image2.jpg	47761	1780131864
2022/austria/austria22_files/webpreview_htm_b77d3fd388340d8a.jpg	320652	1780131885
2014/iceland/images/image4.jpg	32164	1780131865
2018/montenegro/images/image70.jpg	54763	1780131889
2022/austria/austria22_files/webpreview_htm_6f9102c01efc2644.jpg	106467	1780131885
2012/ireland/images/image92.jpg	21936	1780131910
2019/france/images/image53.jpg	96119	1780131872
2012/ireland/images/image11.jpg	43269	1780131909
2020/greece/images/image43.jpg	103848	1780131869
2013/norway/images/image96.jpg	47602	1780131907
2022/iceland/iceland22_files/webpreview_htm_ecb077695151b682.jpg	95741	1780131881
2017/lapland/images/image22.jpg	88581	1780131895
2019/france/images/image16.jpg	31682	1780131870
2014/iceland/images/image159.jpg	74687	1780131863
2024/czechia/images/image30.jpg	110085	1780131891
2012/praga/images/image16.jpg	39890	1780131910
2022/austria/austria22_files/webpreview_htm_9ac363f9b2e9c487.jpg	56892	1780131883
2014/iceland/images/image3.jpg	24439	1780131866
2013/norway/images/image13.jpg	46972	1780131907
2016/thailand/images/image6.jpg	122952	1780131903
2023/holland/holland23_files/holland23_htm_4ae2392663cc1ad4.jpg	120480	1780131898
2022/iceland/iceland22_files/webpreview_htm_c8f3cb0a232b8984.jpg	27240	1780131882
2017/greece/images/image51.jpg	109411	1780131896
2022/iceland/iceland22_files/webpreview_htm_fa13dfa9feb75b31.jpg	58151	1780131881
2024/greece/images/image11.jpg	94076	1780131892
2015/georgia/images/image63.jpg	76568	1780131877
2016/thailand/images/image91.jpg	52389	1780131905
2016/thailand/images/image109.jpg	49955	1780131905
2014/iceland/images/image117.jpg	48919	1780131863
2014/iceland/images/image101.jpg	52757	1780131863
2012/ireland/images/image79.jpg	41783	1780131908
2023/romania/images/image26.jpg	51263	1780131901
2019/greece/images/image34.jpg	71831	1780131873
2014/iceland/images/image28.jpg	44160	1780131864
2023/romania/images/image5.jpg	305177	1780131900
2017/lapland/images/image47.jpg	23213	1780131894
2024/cyprus/images/image17.jpg	103363	1780131891
2018/austria/images/image4.jpg	54825	1780131887
2015/georgia/images/image11.jpg	71959	1780131876
img/gallery/01.jpg	22149	1780131867
2013/norway/images/image72.jpg	46082	1780131907
2017/greece/images/image11.jpg	132613	1780131896
2018/austria/images/image65.jpg	44724	1780131888
2022/austria/images/image20.jpg	55854	1780131886
2024/greece/images/image10.jpg	238917	1780131894
2015/georgia/images/image62.jpg	70984	1780131879
2024/czechia/images/image40.jpg	133583	1780131891
2022/iceland/iceland22_files/webpreview_htm_29477a0fd773913e.jpg	43750	1780131880
2023/holland/holland23_files/holland23_htm_9e20a1f9bf61ab82.jpg	56292	1780131899
2022/austria/austria22_files/webpreview_htm_190f621592c1fedf.jpg	132866	1780131884
2020/greece/images/image23.jpg	39362	1780131869
2020/greece/images/image13.jpg	60563	1780131869
2012/ireland/images/image82.jpg	69386	1780131909
2024/greece/images/image7.jpg	91869	1780131892
2019/france/images/image61.jpg	56756	1780131871
2018/montenegro/images/image46.jpg	40537	1780131889
2022/iceland/iceland22_files/webpreview_htm_c52ef9f79aa5bbf2.jpg	110020	1780131880
2022/iceland/iceland22_files/webpreview_htm_e1a68739d6090789.jpg	46480	1780131880
2018/montenegro/images/image31.jpg	70475	1780131888
2018/austria/images/image18.jpg	56575	1780131888
2014/iceland/images/image187.jpg	73379	1780131866
2013/norway/images/image41.jpg	19554	1780131908
2013/norway/images/image101.jpg	43004	1780131906
2016/thailand/images/image51.jpg	123576	1780131902
2022/austria/images/image18.jpg	71138	1780131886
2022/iceland/iceland22_files/webpreview_htm_1d41d30a668d7490.jpg	41132	1780131882
2012/ireland/images/image52.jpg	35651	1780131909
2022/iceland/iceland22_files/webpreview_htm_f0197efeba05b624.jpg	41381	1780131881
2019/greece/images/image57.jpg	94602	1780131873
2020/greece/images/image80.jpg	169088	1780131868
